<?xml version="1.0" encoding="UTF-8"?>
<coverage generated="1596815605172" clover="3.2.0">
  <project timestamp="1596815605172" name="All files">
    <metrics statements="27" coveredstatements="23" conditionals="26" coveredconditionals="19" methods="16" coveredmethods="10" elements="69" coveredelements="52" complexity="0" loc="27" ncloc="27" packages="2" files="3" classes="3"/>
    <package name="helpers">
      <metrics statements="13" coveredstatements="10" conditionals="14" coveredconditionals="11" methods="12" coveredmethods="6"/>
      <file name="check.js" path="D:\open-source\arrow-js\src\1.x.x\helpers\check.js">
        <metrics statements="4" coveredstatements="4" conditionals="8" coveredconditionals="5" methods="1" coveredmethods="1"/>
        <line num="2" count="9" type="cond" truecount="3" falsecount="1"/>
        <line num="3" count="9" type="cond" truecount="1" falsecount="1"/>
        <line num="4" count="9" type="cond" truecount="1" falsecount="1"/>
        <line num="5" count="9" type="stmt"/>
      </file>
      <file name="is.js" path="D:\open-source\arrow-js\src\1.x.x\helpers\is.js">
        <metrics statements="9" coveredstatements="6" conditionals="6" coveredconditionals="6" methods="11" coveredmethods="5"/>
        <line num="2" count="0" type="stmt"/>
        <line num="6" count="0" type="stmt"/>
        <line num="9" count="0" type="stmt"/>
        <line num="12" count="20" type="cond" truecount="6" falsecount="0"/>
        <line num="13" count="6" type="stmt"/>
        <line num="14" count="16" type="stmt"/>
        <line num="15" count="14" type="stmt"/>
        <line num="16" count="6" type="stmt"/>
        <line num="17" count="2" type="stmt"/>
      </file>
    </package>
    <package name="scripts.array">
      <metrics statements="14" coveredstatements="13" conditionals="12" coveredconditionals="8" methods="4" coveredmethods="4"/>
      <file name="order.js" path="D:\open-source\arrow-js\src\1.x.x\scripts\array\order.js">
        <metrics statements="14" coveredstatements="13" conditionals="12" coveredconditionals="8" methods="4" coveredmethods="4"/>
        <line num="11" count="5" type="cond" truecount="1" falsecount="1"/>
        <line num="12" count="5" type="cond" truecount="2" falsecount="0"/>
        <line num="13" count="4" type="cond" truecount="1" falsecount="1"/>
        <line num="14" count="6" type="stmt"/>
        <line num="15" count="3" type="stmt"/>
        <line num="16" count="3" type="stmt"/>
        <line num="17" count="9" type="stmt"/>
        <line num="18" count="9" type="stmt"/>
        <line num="20" count="3" type="stmt"/>
        <line num="24" count="1" type="stmt"/>
        <line num="30" count="4" type="cond" truecount="1" falsecount="1"/>
        <line num="31" count="4" type="cond" truecount="1" falsecount="1"/>
        <line num="32" count="15" type="stmt"/>
        <line num="35" count="0" type="stmt"/>
      </file>
    </package>
  </project>
</coverage>
