<?xml version="1.0" encoding="UTF-8"?>
<coverage generated="1596492832749" clover="3.2.0">
  <project timestamp="1596492832750" name="All files">
    <metrics statements="10" coveredstatements="10" conditionals="28" coveredconditionals="23" methods="5" coveredmethods="5" elements="43" coveredelements="38" complexity="0" loc="10" ncloc="10" packages="2" files="2" classes="2"/>
    <package name="helpers">
      <metrics statements="4" coveredstatements="4" conditionals="8" coveredconditionals="5" methods="1" coveredmethods="1"/>
      <file name="check.js" path="D:\open-source\arrow-js\src\1.x.x\helpers\check.js">
        <metrics statements="4" coveredstatements="4" conditionals="8" coveredconditionals="5" methods="1" coveredmethods="1"/>
        <line num="2" count="6" type="cond" truecount="3" falsecount="1"/>
        <line num="3" count="6" type="cond" truecount="1" falsecount="1"/>
        <line num="4" count="6" type="cond" truecount="1" falsecount="1"/>
        <line num="5" count="6" type="stmt"/>
      </file>
    </package>
    <package name="scripts.array.math">
      <metrics statements="6" coveredstatements="6" conditionals="20" coveredconditionals="18" methods="4" coveredmethods="4"/>
      <file name="sign.js" path="D:\open-source\arrow-js\src\1.x.x\scripts\array\math\sign.js">
        <metrics statements="6" coveredstatements="6" conditionals="20" coveredconditionals="18" methods="4" coveredmethods="4"/>
        <line num="6" count="3" type="cond" truecount="1" falsecount="1"/>
        <line num="7" count="3" type="cond" truecount="2" falsecount="0"/>
        <line num="8" count="6" type="cond" truecount="8" falsecount="0"/>
        <line num="10" count="1" type="stmt"/>
        <line num="16" count="3" type="cond" truecount="1" falsecount="1"/>
        <line num="17" count="9" type="cond" truecount="6" falsecount="0"/>
      </file>
    </package>
  </project>
</coverage>
