{"D:\\open-source\\arrow-js\\src\\1.x.x\\helpers\\check.js": {"path":"D:\\open-source\\arrow-js\\src\\1.x.x\\helpers\\check.js","statementMap":{"0":{"start":{"line":2,"column":4},"end":{"line":2,"column":101}},"1":{"start":{"line":2,"column":47},"end":{"line":2,"column":101}},"2":{"start":{"line":3,"column":4},"end":{"line":3,"column":83}},"3":{"start":{"line":3,"column":31},"end":{"line":3,"column":83}},"4":{"start":{"line":4,"column":4},"end":{"line":4,"column":66}},"5":{"start":{"line":4,"column":28},"end":{"line":4,"column":66}},"6":{"start":{"line":5,"column":4},"end":{"line":5,"column":16}}},"fnMap":{"0":{"name":"checkArray","decl":{"start":{"line":1,"column":16},"end":{"line":1,"column":26}},"loc":{"start":{"line":1,"column":34},"end":{"line":6,"column":1}},"line":1}},"branchMap":{"0":{"loc":{"start":{"line":2,"column":4},"end":{"line":2,"column":101}},"type":"if","locations":[{"start":{"line":2,"column":4},"end":{"line":2,"column":101}},{"start":{"line":2,"column":4},"end":{"line":2,"column":101}}],"line":2},"1":{"loc":{"start":{"line":2,"column":8},"end":{"line":2,"column":45}},"type":"binary-expr","locations":[{"start":{"line":2,"column":8},"end":{"line":2,"column":22}},{"start":{"line":2,"column":26},"end":{"line":2,"column":45}}],"line":2},"2":{"loc":{"start":{"line":3,"column":4},"end":{"line":3,"column":83}},"type":"if","locations":[{"start":{"line":3,"column":4},"end":{"line":3,"column":83}},{"start":{"line":3,"column":4},"end":{"line":3,"column":83}}],"line":3},"3":{"loc":{"start":{"line":4,"column":4},"end":{"line":4,"column":66}},"type":"if","locations":[{"start":{"line":4,"column":4},"end":{"line":4,"column":66}},{"start":{"line":4,"column":4},"end":{"line":4,"column":66}}],"line":4}},"s":{"0":361,"1":4,"2":357,"3":4,"4":353,"5":2,"6":351},"f":{"0":361},"b":{"0":[4,357],"1":[361,359],"2":[4,353],"3":[2,351]},"_coverageSchema":"1a1c01bbd47fc00a2c39e90264f33305004495a9","hash":"808b6440fc6a4e1360a1fed67b1c9896daed589b"}
,"D:\\open-source\\arrow-js\\src\\1.x.x\\helpers\\is.js": {"path":"D:\\open-source\\arrow-js\\src\\1.x.x\\helpers\\is.js","statementMap":{"0":{"start":{"line":2,"column":4},"end":{"line":2,"column":62}},"1":{"start":{"line":2,"column":34},"end":{"line":2,"column":61}},"2":{"start":{"line":6,"column":4},"end":{"line":6,"column":63}},"3":{"start":{"line":6,"column":34},"end":{"line":6,"column":62}}},"fnMap":{"0":{"name":"isNumberArray","decl":{"start":{"line":1,"column":16},"end":{"line":1,"column":29}},"loc":{"start":{"line":1,"column":37},"end":{"line":3,"column":1}},"line":1},"1":{"name":"(anonymous_1)","decl":{"start":{"line":2,"column":23},"end":{"line":2,"column":24}},"loc":{"start":{"line":2,"column":34},"end":{"line":2,"column":61}},"line":2},"2":{"name":"isBooleanArray","decl":{"start":{"line":5,"column":16},"end":{"line":5,"column":30}},"loc":{"start":{"line":5,"column":38},"end":{"line":7,"column":1}},"line":5},"3":{"name":"(anonymous_3)","decl":{"start":{"line":6,"column":23},"end":{"line":6,"column":24}},"loc":{"start":{"line":6,"column":34},"end":{"line":6,"column":62}},"line":6}},"branchMap":{},"s":{"0":12,"1":32,"2":5,"3":15},"f":{"0":12,"1":32,"2":5,"3":15},"b":{},"_coverageSchema":"1a1c01bbd47fc00a2c39e90264f33305004495a9","hash":"4384bdf840e57e634b817c49ebe2b638095c190c"}
,"D:\\open-source\\arrow-js\\src\\1.x.x\\scripts\\array\\has\\array.js": {"path":"D:\\open-source\\arrow-js\\src\\1.x.x\\scripts\\array\\has\\array.js","statementMap":{"0":{"start":{"line":6,"column":4},"end":{"line":6,"column":82}},"1":{"start":{"line":6,"column":58},"end":{"line":6,"column":80}},"2":{"start":{"line":10,"column":4},"end":{"line":10,"column":80}},"3":{"start":{"line":10,"column":56},"end":{"line":10,"column":78}},"4":{"start":{"line":14,"column":4},"end":{"line":18,"column":17}},"5":{"start":{"line":15,"column":8},"end":{"line":15,"column":34}},"6":{"start":{"line":15,"column":23},"end":{"line":15,"column":34}},"7":{"start":{"line":16,"column":8},"end":{"line":16,"column":45}},"8":{"start":{"line":16,"column":36},"end":{"line":16,"column":45}},"9":{"start":{"line":17,"column":8},"end":{"line":17,"column":19}},"10":{"start":{"line":22,"column":4},"end":{"line":22,"column":81}},"11":{"start":{"line":22,"column":57},"end":{"line":22,"column":79}},"12":{"start":{"line":26,"column":4},"end":{"line":29,"column":17}},"13":{"start":{"line":27,"column":8},"end":{"line":27,"column":45}},"14":{"start":{"line":27,"column":36},"end":{"line":27,"column":45}},"15":{"start":{"line":28,"column":8},"end":{"line":28,"column":19}},"16":{"start":{"line":33,"column":4},"end":{"line":33,"column":98}},"17":{"start":{"line":33,"column":39},"end":{"line":33,"column":98}},"18":{"start":{"line":34,"column":4},"end":{"line":37,"column":25}},"19":{"start":{"line":35,"column":8},"end":{"line":35,"column":45}},"20":{"start":{"line":35,"column":36},"end":{"line":35,"column":45}},"21":{"start":{"line":36,"column":8},"end":{"line":36,"column":19}}},"fnMap":{"0":{"name":"hasAnyArray","decl":{"start":{"line":5,"column":16},"end":{"line":5,"column":27}},"loc":{"start":{"line":5,"column":35},"end":{"line":7,"column":1}},"line":5},"1":{"name":"(anonymous_1)","decl":{"start":{"line":6,"column":45},"end":{"line":6,"column":46}},"loc":{"start":{"line":6,"column":58},"end":{"line":6,"column":80}},"line":6},"2":{"name":"hasAtLeastArray","decl":{"start":{"line":9,"column":16},"end":{"line":9,"column":31}},"loc":{"start":{"line":9,"column":39},"end":{"line":11,"column":1}},"line":9},"3":{"name":"(anonymous_3)","decl":{"start":{"line":10,"column":43},"end":{"line":10,"column":44}},"loc":{"start":{"line":10,"column":56},"end":{"line":10,"column":78}},"line":10},"4":{"name":"hasOnceArray","decl":{"start":{"line":13,"column":16},"end":{"line":13,"column":28}},"loc":{"start":{"line":13,"column":36},"end":{"line":19,"column":1}},"line":13},"5":{"name":"(anonymous_5)","decl":{"start":{"line":14,"column":46},"end":{"line":14,"column":47}},"loc":{"start":{"line":14,"column":64},"end":{"line":18,"column":5}},"line":14},"6":{"name":"hasOnlyArray","decl":{"start":{"line":21,"column":16},"end":{"line":21,"column":28}},"loc":{"start":{"line":21,"column":36},"end":{"line":23,"column":1}},"line":21},"7":{"name":"(anonymous_7)","decl":{"start":{"line":22,"column":44},"end":{"line":22,"column":45}},"loc":{"start":{"line":22,"column":57},"end":{"line":22,"column":79}},"line":22},"8":{"name":"hasPairArray","decl":{"start":{"line":25,"column":16},"end":{"line":25,"column":28}},"loc":{"start":{"line":25,"column":36},"end":{"line":30,"column":1}},"line":25},"9":{"name":"(anonymous_9)","decl":{"start":{"line":26,"column":46},"end":{"line":26,"column":47}},"loc":{"start":{"line":26,"column":64},"end":{"line":29,"column":5}},"line":26},"10":{"name":"hasExactArray","decl":{"start":{"line":32,"column":16},"end":{"line":32,"column":29}},"loc":{"start":{"line":32,"column":48},"end":{"line":38,"column":1}},"line":32},"11":{"name":"(anonymous_11)","decl":{"start":{"line":34,"column":46},"end":{"line":34,"column":47}},"loc":{"start":{"line":34,"column":64},"end":{"line":37,"column":5}},"line":34}},"branchMap":{"0":{"loc":{"start":{"line":6,"column":11},"end":{"line":6,"column":81}},"type":"binary-expr","locations":[{"start":{"line":6,"column":11},"end":{"line":6,"column":28}},{"start":{"line":6,"column":32},"end":{"line":6,"column":81}}],"line":6},"1":{"loc":{"start":{"line":10,"column":11},"end":{"line":10,"column":79}},"type":"binary-expr","locations":[{"start":{"line":10,"column":11},"end":{"line":10,"column":28}},{"start":{"line":10,"column":32},"end":{"line":10,"column":79}}],"line":10},"2":{"loc":{"start":{"line":14,"column":11},"end":{"line":18,"column":16}},"type":"binary-expr","locations":[{"start":{"line":14,"column":11},"end":{"line":14,"column":28}},{"start":{"line":14,"column":33},"end":{"line":18,"column":15}}],"line":14},"3":{"loc":{"start":{"line":15,"column":8},"end":{"line":15,"column":34}},"type":"if","locations":[{"start":{"line":15,"column":8},"end":{"line":15,"column":34}},{"start":{"line":15,"column":8},"end":{"line":15,"column":34}}],"line":15},"4":{"loc":{"start":{"line":16,"column":8},"end":{"line":16,"column":45}},"type":"if","locations":[{"start":{"line":16,"column":8},"end":{"line":16,"column":45}},{"start":{"line":16,"column":8},"end":{"line":16,"column":45}}],"line":16},"5":{"loc":{"start":{"line":22,"column":11},"end":{"line":22,"column":80}},"type":"binary-expr","locations":[{"start":{"line":22,"column":11},"end":{"line":22,"column":28}},{"start":{"line":22,"column":32},"end":{"line":22,"column":80}}],"line":22},"6":{"loc":{"start":{"line":26,"column":11},"end":{"line":29,"column":16}},"type":"binary-expr","locations":[{"start":{"line":26,"column":11},"end":{"line":26,"column":28}},{"start":{"line":26,"column":33},"end":{"line":29,"column":15}}],"line":26},"7":{"loc":{"start":{"line":27,"column":8},"end":{"line":27,"column":45}},"type":"if","locations":[{"start":{"line":27,"column":8},"end":{"line":27,"column":45}},{"start":{"line":27,"column":8},"end":{"line":27,"column":45}}],"line":27},"8":{"loc":{"start":{"line":33,"column":4},"end":{"line":33,"column":98}},"type":"if","locations":[{"start":{"line":33,"column":4},"end":{"line":33,"column":98}},{"start":{"line":33,"column":4},"end":{"line":33,"column":98}}],"line":33},"9":{"loc":{"start":{"line":34,"column":11},"end":{"line":37,"column":24}},"type":"binary-expr","locations":[{"start":{"line":34,"column":11},"end":{"line":34,"column":28}},{"start":{"line":34,"column":33},"end":{"line":37,"column":23}}],"line":34},"10":{"loc":{"start":{"line":35,"column":8},"end":{"line":35,"column":45}},"type":"if","locations":[{"start":{"line":35,"column":8},"end":{"line":35,"column":45}},{"start":{"line":35,"column":8},"end":{"line":35,"column":45}}],"line":35}},"s":{"0":5,"1":6,"2":5,"3":8,"4":7,"5":13,"6":0,"7":13,"8":5,"9":13,"10":5,"11":8,"12":4,"13":8,"14":6,"15":8,"16":9,"17":3,"18":6,"19":15,"20":10,"21":15},"f":{"0":5,"1":6,"2":5,"3":8,"4":7,"5":13,"6":5,"7":8,"8":4,"9":8,"10":9,"11":15},"b":{"0":[5,5],"1":[5,5],"2":[7,7],"3":[0,13],"4":[5,8],"5":[5,5],"6":[4,4],"7":[6,2],"8":[3,6],"9":[6,6],"10":[10,5]},"_coverageSchema":"1a1c01bbd47fc00a2c39e90264f33305004495a9","hash":"0a578292b4287a2405c7df175ace779c488b59ae"}
,"D:\\open-source\\arrow-js\\src\\1.x.x\\scripts\\array\\has\\boolean.js": {"path":"D:\\open-source\\arrow-js\\src\\1.x.x\\scripts\\array\\has\\boolean.js","statementMap":{"0":{"start":{"line":6,"column":4},"end":{"line":6,"column":82}},"1":{"start":{"line":10,"column":4},"end":{"line":10,"column":80}},"2":{"start":{"line":14,"column":4},"end":{"line":18,"column":17}},"3":{"start":{"line":15,"column":8},"end":{"line":15,"column":32}},"4":{"start":{"line":15,"column":23},"end":{"line":15,"column":32}},"5":{"start":{"line":16,"column":8},"end":{"line":16,"column":51}},"6":{"start":{"line":16,"column":42},"end":{"line":16,"column":51}},"7":{"start":{"line":17,"column":8},"end":{"line":17,"column":19}},"8":{"start":{"line":22,"column":4},"end":{"line":22,"column":87}},"9":{"start":{"line":22,"column":57},"end":{"line":22,"column":85}},"10":{"start":{"line":26,"column":4},"end":{"line":29,"column":17}},"11":{"start":{"line":27,"column":8},"end":{"line":27,"column":51}},"12":{"start":{"line":27,"column":42},"end":{"line":27,"column":51}},"13":{"start":{"line":28,"column":8},"end":{"line":28,"column":19}},"14":{"start":{"line":33,"column":4},"end":{"line":33,"column":98}},"15":{"start":{"line":33,"column":39},"end":{"line":33,"column":98}},"16":{"start":{"line":34,"column":4},"end":{"line":37,"column":25}},"17":{"start":{"line":35,"column":8},"end":{"line":35,"column":51}},"18":{"start":{"line":35,"column":42},"end":{"line":35,"column":51}},"19":{"start":{"line":36,"column":8},"end":{"line":36,"column":19}}},"fnMap":{"0":{"name":"hasAnyBoolean","decl":{"start":{"line":5,"column":16},"end":{"line":5,"column":29}},"loc":{"start":{"line":5,"column":37},"end":{"line":7,"column":1}},"line":5},"1":{"name":"hasAtLeastBoolean","decl":{"start":{"line":9,"column":16},"end":{"line":9,"column":33}},"loc":{"start":{"line":9,"column":41},"end":{"line":11,"column":1}},"line":9},"2":{"name":"hasOnceBoolean","decl":{"start":{"line":13,"column":16},"end":{"line":13,"column":30}},"loc":{"start":{"line":13,"column":38},"end":{"line":19,"column":1}},"line":13},"3":{"name":"(anonymous_3)","decl":{"start":{"line":14,"column":46},"end":{"line":14,"column":47}},"loc":{"start":{"line":14,"column":64},"end":{"line":18,"column":5}},"line":14},"4":{"name":"hasOnlyBoolean","decl":{"start":{"line":21,"column":16},"end":{"line":21,"column":30}},"loc":{"start":{"line":21,"column":38},"end":{"line":23,"column":1}},"line":21},"5":{"name":"(anonymous_5)","decl":{"start":{"line":22,"column":44},"end":{"line":22,"column":45}},"loc":{"start":{"line":22,"column":57},"end":{"line":22,"column":85}},"line":22},"6":{"name":"hasPairBoolean","decl":{"start":{"line":25,"column":16},"end":{"line":25,"column":30}},"loc":{"start":{"line":25,"column":38},"end":{"line":30,"column":1}},"line":25},"7":{"name":"(anonymous_7)","decl":{"start":{"line":26,"column":46},"end":{"line":26,"column":47}},"loc":{"start":{"line":26,"column":64},"end":{"line":29,"column":5}},"line":26},"8":{"name":"hasExactBoolean","decl":{"start":{"line":32,"column":16},"end":{"line":32,"column":31}},"loc":{"start":{"line":32,"column":50},"end":{"line":38,"column":1}},"line":32},"9":{"name":"(anonymous_9)","decl":{"start":{"line":34,"column":46},"end":{"line":34,"column":47}},"loc":{"start":{"line":34,"column":64},"end":{"line":37,"column":5}},"line":34}},"branchMap":{"0":{"loc":{"start":{"line":6,"column":11},"end":{"line":6,"column":81}},"type":"binary-expr","locations":[{"start":{"line":6,"column":11},"end":{"line":6,"column":28}},{"start":{"line":6,"column":33},"end":{"line":6,"column":54}},{"start":{"line":6,"column":58},"end":{"line":6,"column":80}}],"line":6},"1":{"loc":{"start":{"line":10,"column":11},"end":{"line":10,"column":79}},"type":"binary-expr","locations":[{"start":{"line":10,"column":11},"end":{"line":10,"column":28}},{"start":{"line":10,"column":33},"end":{"line":10,"column":53}},{"start":{"line":10,"column":57},"end":{"line":10,"column":78}}],"line":10},"2":{"loc":{"start":{"line":14,"column":11},"end":{"line":18,"column":16}},"type":"binary-expr","locations":[{"start":{"line":14,"column":11},"end":{"line":14,"column":28}},{"start":{"line":14,"column":33},"end":{"line":18,"column":15}}],"line":14},"3":{"loc":{"start":{"line":15,"column":8},"end":{"line":15,"column":32}},"type":"if","locations":[{"start":{"line":15,"column":8},"end":{"line":15,"column":32}},{"start":{"line":15,"column":8},"end":{"line":15,"column":32}}],"line":15},"4":{"loc":{"start":{"line":16,"column":8},"end":{"line":16,"column":51}},"type":"if","locations":[{"start":{"line":16,"column":8},"end":{"line":16,"column":51}},{"start":{"line":16,"column":8},"end":{"line":16,"column":51}}],"line":16},"5":{"loc":{"start":{"line":22,"column":11},"end":{"line":22,"column":86}},"type":"binary-expr","locations":[{"start":{"line":22,"column":11},"end":{"line":22,"column":28}},{"start":{"line":22,"column":32},"end":{"line":22,"column":86}}],"line":22},"6":{"loc":{"start":{"line":26,"column":11},"end":{"line":29,"column":16}},"type":"binary-expr","locations":[{"start":{"line":26,"column":11},"end":{"line":26,"column":28}},{"start":{"line":26,"column":33},"end":{"line":29,"column":15}}],"line":26},"7":{"loc":{"start":{"line":27,"column":8},"end":{"line":27,"column":51}},"type":"if","locations":[{"start":{"line":27,"column":8},"end":{"line":27,"column":51}},{"start":{"line":27,"column":8},"end":{"line":27,"column":51}}],"line":27},"8":{"loc":{"start":{"line":33,"column":4},"end":{"line":33,"column":98}},"type":"if","locations":[{"start":{"line":33,"column":4},"end":{"line":33,"column":98}},{"start":{"line":33,"column":4},"end":{"line":33,"column":98}}],"line":33},"9":{"loc":{"start":{"line":34,"column":11},"end":{"line":37,"column":24}},"type":"binary-expr","locations":[{"start":{"line":34,"column":11},"end":{"line":34,"column":28}},{"start":{"line":34,"column":33},"end":{"line":37,"column":23}}],"line":34},"10":{"loc":{"start":{"line":35,"column":8},"end":{"line":35,"column":51}},"type":"if","locations":[{"start":{"line":35,"column":8},"end":{"line":35,"column":51}},{"start":{"line":35,"column":8},"end":{"line":35,"column":51}}],"line":35}},"s":{"0":4,"1":5,"2":6,"3":11,"4":0,"5":11,"6":5,"7":11,"8":5,"9":8,"10":4,"11":8,"12":6,"13":8,"14":9,"15":3,"16":6,"17":15,"18":10,"19":15},"f":{"0":4,"1":5,"2":6,"3":11,"4":5,"5":8,"6":4,"7":8,"8":9,"9":15},"b":{"0":[4,4,3],"1":[5,5,3],"2":[6,6],"3":[0,11],"4":[5,6],"5":[5,5],"6":[4,4],"7":[6,2],"8":[3,6],"9":[6,6],"10":[10,5]},"_coverageSchema":"1a1c01bbd47fc00a2c39e90264f33305004495a9","hash":"ad59eefb8adb22912cecd058596b04b119ed3d09"}
,"D:\\open-source\\arrow-js\\src\\1.x.x\\scripts\\array\\has\\equal.js": {"path":"D:\\open-source\\arrow-js\\src\\1.x.x\\scripts\\array\\has\\equal.js","statementMap":{"0":{"start":{"line":6,"column":4},"end":{"line":6,"column":58}}},"fnMap":{"0":{"name":"equalAll","decl":{"start":{"line":5,"column":16},"end":{"line":5,"column":24}},"loc":{"start":{"line":5,"column":32},"end":{"line":7,"column":1}},"line":5}},"branchMap":{"0":{"loc":{"start":{"line":6,"column":11},"end":{"line":6,"column":57}},"type":"binary-expr","locations":[{"start":{"line":6,"column":11},"end":{"line":6,"column":28}},{"start":{"line":6,"column":32},"end":{"line":6,"column":57}}],"line":6}},"s":{"0":5},"f":{"0":5},"b":{"0":[5,5]},"_coverageSchema":"1a1c01bbd47fc00a2c39e90264f33305004495a9","hash":"1082dc4ae50c6b6e0e52c954703dc1cc2338c2ec"}
,"D:\\open-source\\arrow-js\\src\\1.x.x\\scripts\\array\\has\\infinity.js": {"path":"D:\\open-source\\arrow-js\\src\\1.x.x\\scripts\\array\\has\\infinity.js","statementMap":{"0":{"start":{"line":6,"column":4},"end":{"line":6,"column":79}},"1":{"start":{"line":6,"column":57},"end":{"line":6,"column":77}},"2":{"start":{"line":10,"column":4},"end":{"line":10,"column":78}},"3":{"start":{"line":10,"column":56},"end":{"line":10,"column":76}},"4":{"start":{"line":14,"column":4},"end":{"line":18,"column":17}},"5":{"start":{"line":15,"column":8},"end":{"line":15,"column":32}},"6":{"start":{"line":15,"column":23},"end":{"line":15,"column":32}},"7":{"start":{"line":16,"column":8},"end":{"line":16,"column":43}},"8":{"start":{"line":16,"column":34},"end":{"line":16,"column":43}},"9":{"start":{"line":17,"column":8},"end":{"line":17,"column":19}},"10":{"start":{"line":22,"column":4},"end":{"line":22,"column":79}},"11":{"start":{"line":22,"column":57},"end":{"line":22,"column":77}},"12":{"start":{"line":26,"column":4},"end":{"line":29,"column":17}},"13":{"start":{"line":27,"column":8},"end":{"line":27,"column":43}},"14":{"start":{"line":27,"column":34},"end":{"line":27,"column":43}},"15":{"start":{"line":28,"column":8},"end":{"line":28,"column":19}},"16":{"start":{"line":33,"column":4},"end":{"line":33,"column":98}},"17":{"start":{"line":33,"column":39},"end":{"line":33,"column":98}},"18":{"start":{"line":34,"column":4},"end":{"line":37,"column":25}},"19":{"start":{"line":35,"column":8},"end":{"line":35,"column":43}},"20":{"start":{"line":35,"column":34},"end":{"line":35,"column":43}},"21":{"start":{"line":36,"column":8},"end":{"line":36,"column":19}}},"fnMap":{"0":{"name":"hasAnyInfinity","decl":{"start":{"line":5,"column":16},"end":{"line":5,"column":30}},"loc":{"start":{"line":5,"column":38},"end":{"line":7,"column":1}},"line":5},"1":{"name":"(anonymous_1)","decl":{"start":{"line":6,"column":44},"end":{"line":6,"column":45}},"loc":{"start":{"line":6,"column":57},"end":{"line":6,"column":77}},"line":6},"2":{"name":"hasAtLeastInfinity","decl":{"start":{"line":9,"column":16},"end":{"line":9,"column":34}},"loc":{"start":{"line":9,"column":42},"end":{"line":11,"column":1}},"line":9},"3":{"name":"(anonymous_3)","decl":{"start":{"line":10,"column":43},"end":{"line":10,"column":44}},"loc":{"start":{"line":10,"column":56},"end":{"line":10,"column":76}},"line":10},"4":{"name":"hasOnceInfinity","decl":{"start":{"line":13,"column":16},"end":{"line":13,"column":31}},"loc":{"start":{"line":13,"column":39},"end":{"line":19,"column":1}},"line":13},"5":{"name":"(anonymous_5)","decl":{"start":{"line":14,"column":46},"end":{"line":14,"column":47}},"loc":{"start":{"line":14,"column":64},"end":{"line":18,"column":5}},"line":14},"6":{"name":"hasOnlyInfinity","decl":{"start":{"line":21,"column":16},"end":{"line":21,"column":31}},"loc":{"start":{"line":21,"column":39},"end":{"line":23,"column":1}},"line":21},"7":{"name":"(anonymous_7)","decl":{"start":{"line":22,"column":44},"end":{"line":22,"column":45}},"loc":{"start":{"line":22,"column":57},"end":{"line":22,"column":77}},"line":22},"8":{"name":"hasPairInfinity","decl":{"start":{"line":25,"column":16},"end":{"line":25,"column":31}},"loc":{"start":{"line":25,"column":39},"end":{"line":30,"column":1}},"line":25},"9":{"name":"(anonymous_9)","decl":{"start":{"line":26,"column":46},"end":{"line":26,"column":47}},"loc":{"start":{"line":26,"column":64},"end":{"line":29,"column":5}},"line":26},"10":{"name":"hasExactInfinity","decl":{"start":{"line":32,"column":16},"end":{"line":32,"column":32}},"loc":{"start":{"line":32,"column":51},"end":{"line":38,"column":1}},"line":32},"11":{"name":"(anonymous_11)","decl":{"start":{"line":34,"column":46},"end":{"line":34,"column":47}},"loc":{"start":{"line":34,"column":64},"end":{"line":37,"column":5}},"line":34}},"branchMap":{"0":{"loc":{"start":{"line":6,"column":11},"end":{"line":6,"column":78}},"type":"binary-expr","locations":[{"start":{"line":6,"column":11},"end":{"line":6,"column":28}},{"start":{"line":6,"column":32},"end":{"line":6,"column":78}}],"line":6},"1":{"loc":{"start":{"line":10,"column":11},"end":{"line":10,"column":77}},"type":"binary-expr","locations":[{"start":{"line":10,"column":11},"end":{"line":10,"column":28}},{"start":{"line":10,"column":32},"end":{"line":10,"column":77}}],"line":10},"2":{"loc":{"start":{"line":14,"column":11},"end":{"line":18,"column":16}},"type":"binary-expr","locations":[{"start":{"line":14,"column":11},"end":{"line":14,"column":28}},{"start":{"line":14,"column":33},"end":{"line":18,"column":15}}],"line":14},"3":{"loc":{"start":{"line":15,"column":8},"end":{"line":15,"column":32}},"type":"if","locations":[{"start":{"line":15,"column":8},"end":{"line":15,"column":32}},{"start":{"line":15,"column":8},"end":{"line":15,"column":32}}],"line":15},"4":{"loc":{"start":{"line":16,"column":8},"end":{"line":16,"column":43}},"type":"if","locations":[{"start":{"line":16,"column":8},"end":{"line":16,"column":43}},{"start":{"line":16,"column":8},"end":{"line":16,"column":43}}],"line":16},"5":{"loc":{"start":{"line":22,"column":11},"end":{"line":22,"column":78}},"type":"binary-expr","locations":[{"start":{"line":22,"column":11},"end":{"line":22,"column":28}},{"start":{"line":22,"column":32},"end":{"line":22,"column":78}}],"line":22},"6":{"loc":{"start":{"line":26,"column":11},"end":{"line":29,"column":16}},"type":"binary-expr","locations":[{"start":{"line":26,"column":11},"end":{"line":26,"column":28}},{"start":{"line":26,"column":33},"end":{"line":29,"column":15}}],"line":26},"7":{"loc":{"start":{"line":27,"column":8},"end":{"line":27,"column":43}},"type":"if","locations":[{"start":{"line":27,"column":8},"end":{"line":27,"column":43}},{"start":{"line":27,"column":8},"end":{"line":27,"column":43}}],"line":27},"8":{"loc":{"start":{"line":33,"column":4},"end":{"line":33,"column":98}},"type":"if","locations":[{"start":{"line":33,"column":4},"end":{"line":33,"column":98}},{"start":{"line":33,"column":4},"end":{"line":33,"column":98}}],"line":33},"9":{"loc":{"start":{"line":34,"column":11},"end":{"line":37,"column":24}},"type":"binary-expr","locations":[{"start":{"line":34,"column":11},"end":{"line":34,"column":28}},{"start":{"line":34,"column":33},"end":{"line":37,"column":23}}],"line":34},"10":{"loc":{"start":{"line":35,"column":8},"end":{"line":35,"column":43}},"type":"if","locations":[{"start":{"line":35,"column":8},"end":{"line":35,"column":43}},{"start":{"line":35,"column":8},"end":{"line":35,"column":43}}],"line":35}},"s":{"0":4,"1":7,"2":5,"3":8,"4":6,"5":11,"6":0,"7":11,"8":5,"9":11,"10":4,"11":5,"12":4,"13":8,"14":6,"15":8,"16":9,"17":3,"18":6,"19":15,"20":10,"21":15},"f":{"0":4,"1":7,"2":5,"3":8,"4":6,"5":11,"6":4,"7":5,"8":4,"9":8,"10":9,"11":15},"b":{"0":[4,4],"1":[5,5],"2":[6,6],"3":[0,11],"4":[5,6],"5":[4,4],"6":[4,4],"7":[6,2],"8":[3,6],"9":[6,6],"10":[10,5]},"_coverageSchema":"1a1c01bbd47fc00a2c39e90264f33305004495a9","hash":"78dfb03d698d5bc2c5088c35b387319d991d2326"}
,"D:\\open-source\\arrow-js\\src\\1.x.x\\scripts\\array\\has\\nan.js": {"path":"D:\\open-source\\arrow-js\\src\\1.x.x\\scripts\\array\\has\\nan.js","statementMap":{"0":{"start":{"line":6,"column":4},"end":{"line":6,"column":81}},"1":{"start":{"line":6,"column":58},"end":{"line":6,"column":79}},"2":{"start":{"line":10,"column":4},"end":{"line":10,"column":79}},"3":{"start":{"line":10,"column":56},"end":{"line":10,"column":77}},"4":{"start":{"line":14,"column":4},"end":{"line":18,"column":17}},"5":{"start":{"line":15,"column":8},"end":{"line":15,"column":32}},"6":{"start":{"line":15,"column":23},"end":{"line":15,"column":32}},"7":{"start":{"line":16,"column":8},"end":{"line":16,"column":44}},"8":{"start":{"line":16,"column":35},"end":{"line":16,"column":44}},"9":{"start":{"line":17,"column":8},"end":{"line":17,"column":19}},"10":{"start":{"line":22,"column":4},"end":{"line":22,"column":80}},"11":{"start":{"line":22,"column":57},"end":{"line":22,"column":78}},"12":{"start":{"line":26,"column":4},"end":{"line":29,"column":17}},"13":{"start":{"line":27,"column":8},"end":{"line":27,"column":44}},"14":{"start":{"line":27,"column":35},"end":{"line":27,"column":44}},"15":{"start":{"line":28,"column":8},"end":{"line":28,"column":19}},"16":{"start":{"line":33,"column":4},"end":{"line":33,"column":98}},"17":{"start":{"line":33,"column":39},"end":{"line":33,"column":98}},"18":{"start":{"line":34,"column":4},"end":{"line":37,"column":25}},"19":{"start":{"line":35,"column":8},"end":{"line":35,"column":44}},"20":{"start":{"line":35,"column":35},"end":{"line":35,"column":44}},"21":{"start":{"line":36,"column":8},"end":{"line":36,"column":19}}},"fnMap":{"0":{"name":"hasAnyNaN","decl":{"start":{"line":5,"column":16},"end":{"line":5,"column":25}},"loc":{"start":{"line":5,"column":33},"end":{"line":7,"column":1}},"line":5},"1":{"name":"(anonymous_1)","decl":{"start":{"line":6,"column":45},"end":{"line":6,"column":46}},"loc":{"start":{"line":6,"column":58},"end":{"line":6,"column":79}},"line":6},"2":{"name":"hasAtLeastNaN","decl":{"start":{"line":9,"column":16},"end":{"line":9,"column":29}},"loc":{"start":{"line":9,"column":37},"end":{"line":11,"column":1}},"line":9},"3":{"name":"(anonymous_3)","decl":{"start":{"line":10,"column":43},"end":{"line":10,"column":44}},"loc":{"start":{"line":10,"column":56},"end":{"line":10,"column":77}},"line":10},"4":{"name":"hasOnceNaN","decl":{"start":{"line":13,"column":16},"end":{"line":13,"column":26}},"loc":{"start":{"line":13,"column":34},"end":{"line":19,"column":1}},"line":13},"5":{"name":"(anonymous_5)","decl":{"start":{"line":14,"column":46},"end":{"line":14,"column":47}},"loc":{"start":{"line":14,"column":64},"end":{"line":18,"column":5}},"line":14},"6":{"name":"hasOnlyNaN","decl":{"start":{"line":21,"column":16},"end":{"line":21,"column":26}},"loc":{"start":{"line":21,"column":34},"end":{"line":23,"column":1}},"line":21},"7":{"name":"(anonymous_7)","decl":{"start":{"line":22,"column":44},"end":{"line":22,"column":45}},"loc":{"start":{"line":22,"column":57},"end":{"line":22,"column":78}},"line":22},"8":{"name":"hasPairNaN","decl":{"start":{"line":25,"column":16},"end":{"line":25,"column":26}},"loc":{"start":{"line":25,"column":34},"end":{"line":30,"column":1}},"line":25},"9":{"name":"(anonymous_9)","decl":{"start":{"line":26,"column":46},"end":{"line":26,"column":47}},"loc":{"start":{"line":26,"column":64},"end":{"line":29,"column":5}},"line":26},"10":{"name":"hasExactNaN","decl":{"start":{"line":32,"column":16},"end":{"line":32,"column":27}},"loc":{"start":{"line":32,"column":46},"end":{"line":38,"column":1}},"line":32},"11":{"name":"(anonymous_11)","decl":{"start":{"line":34,"column":46},"end":{"line":34,"column":47}},"loc":{"start":{"line":34,"column":64},"end":{"line":37,"column":5}},"line":34}},"branchMap":{"0":{"loc":{"start":{"line":6,"column":11},"end":{"line":6,"column":80}},"type":"binary-expr","locations":[{"start":{"line":6,"column":11},"end":{"line":6,"column":28}},{"start":{"line":6,"column":32},"end":{"line":6,"column":80}}],"line":6},"1":{"loc":{"start":{"line":10,"column":11},"end":{"line":10,"column":78}},"type":"binary-expr","locations":[{"start":{"line":10,"column":11},"end":{"line":10,"column":28}},{"start":{"line":10,"column":32},"end":{"line":10,"column":78}}],"line":10},"2":{"loc":{"start":{"line":14,"column":11},"end":{"line":18,"column":16}},"type":"binary-expr","locations":[{"start":{"line":14,"column":11},"end":{"line":14,"column":28}},{"start":{"line":14,"column":33},"end":{"line":18,"column":15}}],"line":14},"3":{"loc":{"start":{"line":15,"column":8},"end":{"line":15,"column":32}},"type":"if","locations":[{"start":{"line":15,"column":8},"end":{"line":15,"column":32}},{"start":{"line":15,"column":8},"end":{"line":15,"column":32}}],"line":15},"4":{"loc":{"start":{"line":16,"column":8},"end":{"line":16,"column":44}},"type":"if","locations":[{"start":{"line":16,"column":8},"end":{"line":16,"column":44}},{"start":{"line":16,"column":8},"end":{"line":16,"column":44}}],"line":16},"5":{"loc":{"start":{"line":22,"column":11},"end":{"line":22,"column":79}},"type":"binary-expr","locations":[{"start":{"line":22,"column":11},"end":{"line":22,"column":28}},{"start":{"line":22,"column":32},"end":{"line":22,"column":79}}],"line":22},"6":{"loc":{"start":{"line":26,"column":11},"end":{"line":29,"column":16}},"type":"binary-expr","locations":[{"start":{"line":26,"column":11},"end":{"line":26,"column":28}},{"start":{"line":26,"column":33},"end":{"line":29,"column":15}}],"line":26},"7":{"loc":{"start":{"line":27,"column":8},"end":{"line":27,"column":44}},"type":"if","locations":[{"start":{"line":27,"column":8},"end":{"line":27,"column":44}},{"start":{"line":27,"column":8},"end":{"line":27,"column":44}}],"line":27},"8":{"loc":{"start":{"line":33,"column":4},"end":{"line":33,"column":98}},"type":"if","locations":[{"start":{"line":33,"column":4},"end":{"line":33,"column":98}},{"start":{"line":33,"column":4},"end":{"line":33,"column":98}}],"line":33},"9":{"loc":{"start":{"line":34,"column":11},"end":{"line":37,"column":24}},"type":"binary-expr","locations":[{"start":{"line":34,"column":11},"end":{"line":34,"column":28}},{"start":{"line":34,"column":33},"end":{"line":37,"column":23}}],"line":34},"10":{"loc":{"start":{"line":35,"column":8},"end":{"line":35,"column":44}},"type":"if","locations":[{"start":{"line":35,"column":8},"end":{"line":35,"column":44}},{"start":{"line":35,"column":8},"end":{"line":35,"column":44}}],"line":35}},"s":{"0":4,"1":5,"2":6,"3":12,"4":6,"5":11,"6":0,"7":11,"8":5,"9":11,"10":4,"11":5,"12":4,"13":8,"14":6,"15":8,"16":9,"17":3,"18":6,"19":15,"20":10,"21":15},"f":{"0":4,"1":5,"2":6,"3":12,"4":6,"5":11,"6":4,"7":5,"8":4,"9":8,"10":9,"11":15},"b":{"0":[4,4],"1":[6,6],"2":[6,6],"3":[0,11],"4":[5,6],"5":[4,4],"6":[4,4],"7":[6,2],"8":[3,6],"9":[6,6],"10":[10,5]},"_coverageSchema":"1a1c01bbd47fc00a2c39e90264f33305004495a9","hash":"013cdf25c3f3cae733ae01f5012cbee0ac4a051c"}
,"D:\\open-source\\arrow-js\\src\\1.x.x\\scripts\\array\\has\\null.js": {"path":"D:\\open-source\\arrow-js\\src\\1.x.x\\scripts\\array\\has\\null.js","statementMap":{"0":{"start":{"line":6,"column":4},"end":{"line":6,"column":27}},"1":{"start":{"line":10,"column":4},"end":{"line":10,"column":73}},"2":{"start":{"line":10,"column":56},"end":{"line":10,"column":71}},"3":{"start":{"line":14,"column":4},"end":{"line":14,"column":71}},"4":{"start":{"line":14,"column":54},"end":{"line":14,"column":69}},"5":{"start":{"line":18,"column":4},"end":{"line":22,"column":17}},"6":{"start":{"line":19,"column":8},"end":{"line":19,"column":32}},"7":{"start":{"line":19,"column":23},"end":{"line":19,"column":32}},"8":{"start":{"line":20,"column":8},"end":{"line":20,"column":38}},"9":{"start":{"line":20,"column":29},"end":{"line":20,"column":38}},"10":{"start":{"line":21,"column":8},"end":{"line":21,"column":19}},"11":{"start":{"line":26,"column":4},"end":{"line":26,"column":74}},"12":{"start":{"line":26,"column":57},"end":{"line":26,"column":72}},"13":{"start":{"line":30,"column":4},"end":{"line":33,"column":17}},"14":{"start":{"line":31,"column":8},"end":{"line":31,"column":38}},"15":{"start":{"line":31,"column":29},"end":{"line":31,"column":38}},"16":{"start":{"line":32,"column":8},"end":{"line":32,"column":19}},"17":{"start":{"line":37,"column":4},"end":{"line":37,"column":98}},"18":{"start":{"line":37,"column":39},"end":{"line":37,"column":98}},"19":{"start":{"line":38,"column":4},"end":{"line":41,"column":25}},"20":{"start":{"line":39,"column":8},"end":{"line":39,"column":38}},"21":{"start":{"line":39,"column":29},"end":{"line":39,"column":38}},"22":{"start":{"line":40,"column":8},"end":{"line":40,"column":19}}},"fnMap":{"0":{"name":"isNull","decl":{"start":{"line":5,"column":9},"end":{"line":5,"column":15}},"loc":{"start":{"line":5,"column":25},"end":{"line":7,"column":1}},"line":5},"1":{"name":"hasAnyNull","decl":{"start":{"line":9,"column":16},"end":{"line":9,"column":26}},"loc":{"start":{"line":9,"column":34},"end":{"line":11,"column":1}},"line":9},"2":{"name":"(anonymous_2)","decl":{"start":{"line":10,"column":45},"end":{"line":10,"column":46}},"loc":{"start":{"line":10,"column":56},"end":{"line":10,"column":71}},"line":10},"3":{"name":"hasAtLeastNull","decl":{"start":{"line":13,"column":16},"end":{"line":13,"column":30}},"loc":{"start":{"line":13,"column":38},"end":{"line":15,"column":1}},"line":13},"4":{"name":"(anonymous_4)","decl":{"start":{"line":14,"column":43},"end":{"line":14,"column":44}},"loc":{"start":{"line":14,"column":54},"end":{"line":14,"column":69}},"line":14},"5":{"name":"hasOnceNull","decl":{"start":{"line":17,"column":16},"end":{"line":17,"column":27}},"loc":{"start":{"line":17,"column":35},"end":{"line":23,"column":1}},"line":17},"6":{"name":"(anonymous_6)","decl":{"start":{"line":18,"column":46},"end":{"line":18,"column":47}},"loc":{"start":{"line":18,"column":64},"end":{"line":22,"column":5}},"line":18},"7":{"name":"hasOnlyNull","decl":{"start":{"line":25,"column":16},"end":{"line":25,"column":27}},"loc":{"start":{"line":25,"column":35},"end":{"line":27,"column":1}},"line":25},"8":{"name":"(anonymous_8)","decl":{"start":{"line":26,"column":44},"end":{"line":26,"column":45}},"loc":{"start":{"line":26,"column":57},"end":{"line":26,"column":72}},"line":26},"9":{"name":"hasPairNull","decl":{"start":{"line":29,"column":16},"end":{"line":29,"column":27}},"loc":{"start":{"line":29,"column":35},"end":{"line":34,"column":1}},"line":29},"10":{"name":"(anonymous_10)","decl":{"start":{"line":30,"column":46},"end":{"line":30,"column":47}},"loc":{"start":{"line":30,"column":64},"end":{"line":33,"column":5}},"line":30},"11":{"name":"hasExactNull","decl":{"start":{"line":36,"column":16},"end":{"line":36,"column":28}},"loc":{"start":{"line":36,"column":47},"end":{"line":42,"column":1}},"line":36},"12":{"name":"(anonymous_12)","decl":{"start":{"line":38,"column":46},"end":{"line":38,"column":47}},"loc":{"start":{"line":38,"column":64},"end":{"line":41,"column":5}},"line":38}},"branchMap":{"0":{"loc":{"start":{"line":10,"column":11},"end":{"line":10,"column":72}},"type":"binary-expr","locations":[{"start":{"line":10,"column":11},"end":{"line":10,"column":28}},{"start":{"line":10,"column":32},"end":{"line":10,"column":72}}],"line":10},"1":{"loc":{"start":{"line":14,"column":11},"end":{"line":14,"column":70}},"type":"binary-expr","locations":[{"start":{"line":14,"column":11},"end":{"line":14,"column":28}},{"start":{"line":14,"column":32},"end":{"line":14,"column":70}}],"line":14},"2":{"loc":{"start":{"line":18,"column":11},"end":{"line":22,"column":16}},"type":"binary-expr","locations":[{"start":{"line":18,"column":11},"end":{"line":18,"column":28}},{"start":{"line":18,"column":33},"end":{"line":22,"column":15}}],"line":18},"3":{"loc":{"start":{"line":19,"column":8},"end":{"line":19,"column":32}},"type":"if","locations":[{"start":{"line":19,"column":8},"end":{"line":19,"column":32}},{"start":{"line":19,"column":8},"end":{"line":19,"column":32}}],"line":19},"4":{"loc":{"start":{"line":20,"column":8},"end":{"line":20,"column":38}},"type":"if","locations":[{"start":{"line":20,"column":8},"end":{"line":20,"column":38}},{"start":{"line":20,"column":8},"end":{"line":20,"column":38}}],"line":20},"5":{"loc":{"start":{"line":26,"column":11},"end":{"line":26,"column":73}},"type":"binary-expr","locations":[{"start":{"line":26,"column":11},"end":{"line":26,"column":28}},{"start":{"line":26,"column":32},"end":{"line":26,"column":73}}],"line":26},"6":{"loc":{"start":{"line":30,"column":11},"end":{"line":33,"column":16}},"type":"binary-expr","locations":[{"start":{"line":30,"column":11},"end":{"line":30,"column":28}},{"start":{"line":30,"column":33},"end":{"line":33,"column":15}}],"line":30},"7":{"loc":{"start":{"line":31,"column":8},"end":{"line":31,"column":38}},"type":"if","locations":[{"start":{"line":31,"column":8},"end":{"line":31,"column":38}},{"start":{"line":31,"column":8},"end":{"line":31,"column":38}}],"line":31},"8":{"loc":{"start":{"line":37,"column":4},"end":{"line":37,"column":98}},"type":"if","locations":[{"start":{"line":37,"column":4},"end":{"line":37,"column":98}},{"start":{"line":37,"column":4},"end":{"line":37,"column":98}}],"line":37},"9":{"loc":{"start":{"line":38,"column":11},"end":{"line":41,"column":24}},"type":"binary-expr","locations":[{"start":{"line":38,"column":11},"end":{"line":38,"column":28}},{"start":{"line":38,"column":33},"end":{"line":41,"column":23}}],"line":38},"10":{"loc":{"start":{"line":39,"column":8},"end":{"line":39,"column":38}},"type":"if","locations":[{"start":{"line":39,"column":8},"end":{"line":39,"column":38}},{"start":{"line":39,"column":8},"end":{"line":39,"column":38}}],"line":39}},"s":{"0":52,"1":4,"2":5,"3":5,"4":8,"5":6,"6":11,"7":0,"8":11,"9":5,"10":11,"11":4,"12":5,"13":4,"14":8,"15":6,"16":8,"17":9,"18":3,"19":6,"20":15,"21":10,"22":15},"f":{"0":52,"1":4,"2":5,"3":5,"4":8,"5":6,"6":11,"7":4,"8":5,"9":4,"10":8,"11":9,"12":15},"b":{"0":[4,4],"1":[5,5],"2":[6,6],"3":[0,11],"4":[5,6],"5":[4,4],"6":[4,4],"7":[6,2],"8":[3,6],"9":[6,6],"10":[10,5]},"_coverageSchema":"1a1c01bbd47fc00a2c39e90264f33305004495a9","hash":"b99787aa0d4a5d5f38be699ad62ad8cf0eab232a"}
,"D:\\open-source\\arrow-js\\src\\1.x.x\\scripts\\array\\has\\number.js": {"path":"D:\\open-source\\arrow-js\\src\\1.x.x\\scripts\\array\\has\\number.js","statementMap":{"0":{"start":{"line":6,"column":4},"end":{"line":6,"column":86}},"1":{"start":{"line":6,"column":57},"end":{"line":6,"column":84}},"2":{"start":{"line":10,"column":4},"end":{"line":10,"column":85}},"3":{"start":{"line":10,"column":56},"end":{"line":10,"column":83}},"4":{"start":{"line":14,"column":4},"end":{"line":18,"column":17}},"5":{"start":{"line":15,"column":8},"end":{"line":15,"column":32}},"6":{"start":{"line":15,"column":23},"end":{"line":15,"column":32}},"7":{"start":{"line":16,"column":8},"end":{"line":16,"column":50}},"8":{"start":{"line":16,"column":41},"end":{"line":16,"column":50}},"9":{"start":{"line":17,"column":8},"end":{"line":17,"column":19}},"10":{"start":{"line":22,"column":4},"end":{"line":22,"column":86}},"11":{"start":{"line":22,"column":57},"end":{"line":22,"column":84}},"12":{"start":{"line":26,"column":4},"end":{"line":29,"column":17}},"13":{"start":{"line":27,"column":8},"end":{"line":27,"column":50}},"14":{"start":{"line":27,"column":41},"end":{"line":27,"column":50}},"15":{"start":{"line":28,"column":8},"end":{"line":28,"column":19}},"16":{"start":{"line":33,"column":4},"end":{"line":33,"column":100}},"17":{"start":{"line":33,"column":41},"end":{"line":33,"column":100}},"18":{"start":{"line":34,"column":4},"end":{"line":37,"column":27}},"19":{"start":{"line":35,"column":8},"end":{"line":35,"column":50}},"20":{"start":{"line":35,"column":41},"end":{"line":35,"column":50}},"21":{"start":{"line":36,"column":8},"end":{"line":36,"column":19}}},"fnMap":{"0":{"name":"hasAnyNumber","decl":{"start":{"line":5,"column":16},"end":{"line":5,"column":28}},"loc":{"start":{"line":5,"column":36},"end":{"line":7,"column":1}},"line":5},"1":{"name":"(anonymous_1)","decl":{"start":{"line":6,"column":44},"end":{"line":6,"column":45}},"loc":{"start":{"line":6,"column":57},"end":{"line":6,"column":84}},"line":6},"2":{"name":"hasAtLeastNumber","decl":{"start":{"line":9,"column":16},"end":{"line":9,"column":32}},"loc":{"start":{"line":9,"column":40},"end":{"line":11,"column":1}},"line":9},"3":{"name":"(anonymous_3)","decl":{"start":{"line":10,"column":43},"end":{"line":10,"column":44}},"loc":{"start":{"line":10,"column":56},"end":{"line":10,"column":83}},"line":10},"4":{"name":"hasOnceNumber","decl":{"start":{"line":13,"column":16},"end":{"line":13,"column":29}},"loc":{"start":{"line":13,"column":37},"end":{"line":19,"column":1}},"line":13},"5":{"name":"(anonymous_5)","decl":{"start":{"line":14,"column":46},"end":{"line":14,"column":47}},"loc":{"start":{"line":14,"column":64},"end":{"line":18,"column":5}},"line":14},"6":{"name":"hasOnlyNumber","decl":{"start":{"line":21,"column":16},"end":{"line":21,"column":29}},"loc":{"start":{"line":21,"column":37},"end":{"line":23,"column":1}},"line":21},"7":{"name":"(anonymous_7)","decl":{"start":{"line":22,"column":44},"end":{"line":22,"column":45}},"loc":{"start":{"line":22,"column":57},"end":{"line":22,"column":84}},"line":22},"8":{"name":"hasPairNumber","decl":{"start":{"line":25,"column":16},"end":{"line":25,"column":29}},"loc":{"start":{"line":25,"column":37},"end":{"line":30,"column":1}},"line":25},"9":{"name":"(anonymous_9)","decl":{"start":{"line":26,"column":46},"end":{"line":26,"column":47}},"loc":{"start":{"line":26,"column":64},"end":{"line":29,"column":5}},"line":26},"10":{"name":"hasExactNumber","decl":{"start":{"line":32,"column":16},"end":{"line":32,"column":30}},"loc":{"start":{"line":32,"column":51},"end":{"line":38,"column":1}},"line":32},"11":{"name":"(anonymous_11)","decl":{"start":{"line":34,"column":46},"end":{"line":34,"column":47}},"loc":{"start":{"line":34,"column":64},"end":{"line":37,"column":5}},"line":34}},"branchMap":{"0":{"loc":{"start":{"line":6,"column":11},"end":{"line":6,"column":85}},"type":"binary-expr","locations":[{"start":{"line":6,"column":11},"end":{"line":6,"column":28}},{"start":{"line":6,"column":32},"end":{"line":6,"column":85}}],"line":6},"1":{"loc":{"start":{"line":10,"column":11},"end":{"line":10,"column":84}},"type":"binary-expr","locations":[{"start":{"line":10,"column":11},"end":{"line":10,"column":28}},{"start":{"line":10,"column":32},"end":{"line":10,"column":84}}],"line":10},"2":{"loc":{"start":{"line":14,"column":11},"end":{"line":18,"column":16}},"type":"binary-expr","locations":[{"start":{"line":14,"column":11},"end":{"line":14,"column":28}},{"start":{"line":14,"column":33},"end":{"line":18,"column":15}}],"line":14},"3":{"loc":{"start":{"line":15,"column":8},"end":{"line":15,"column":32}},"type":"if","locations":[{"start":{"line":15,"column":8},"end":{"line":15,"column":32}},{"start":{"line":15,"column":8},"end":{"line":15,"column":32}}],"line":15},"4":{"loc":{"start":{"line":16,"column":8},"end":{"line":16,"column":50}},"type":"if","locations":[{"start":{"line":16,"column":8},"end":{"line":16,"column":50}},{"start":{"line":16,"column":8},"end":{"line":16,"column":50}}],"line":16},"5":{"loc":{"start":{"line":22,"column":11},"end":{"line":22,"column":85}},"type":"binary-expr","locations":[{"start":{"line":22,"column":11},"end":{"line":22,"column":28}},{"start":{"line":22,"column":32},"end":{"line":22,"column":85}}],"line":22},"6":{"loc":{"start":{"line":26,"column":11},"end":{"line":29,"column":16}},"type":"binary-expr","locations":[{"start":{"line":26,"column":11},"end":{"line":26,"column":28}},{"start":{"line":26,"column":33},"end":{"line":29,"column":15}}],"line":26},"7":{"loc":{"start":{"line":27,"column":8},"end":{"line":27,"column":50}},"type":"if","locations":[{"start":{"line":27,"column":8},"end":{"line":27,"column":50}},{"start":{"line":27,"column":8},"end":{"line":27,"column":50}}],"line":27},"8":{"loc":{"start":{"line":33,"column":4},"end":{"line":33,"column":100}},"type":"if","locations":[{"start":{"line":33,"column":4},"end":{"line":33,"column":100}},{"start":{"line":33,"column":4},"end":{"line":33,"column":100}}],"line":33},"9":{"loc":{"start":{"line":34,"column":11},"end":{"line":37,"column":26}},"type":"binary-expr","locations":[{"start":{"line":34,"column":11},"end":{"line":34,"column":28}},{"start":{"line":34,"column":33},"end":{"line":37,"column":25}}],"line":34},"10":{"loc":{"start":{"line":35,"column":8},"end":{"line":35,"column":50}},"type":"if","locations":[{"start":{"line":35,"column":8},"end":{"line":35,"column":50}},{"start":{"line":35,"column":8},"end":{"line":35,"column":50}}],"line":35}},"s":{"0":5,"1":8,"2":5,"3":6,"4":6,"5":13,"6":2,"7":11,"8":5,"9":11,"10":4,"11":5,"12":4,"13":8,"14":6,"15":8,"16":9,"17":3,"18":6,"19":15,"20":10,"21":15},"f":{"0":5,"1":8,"2":5,"3":6,"4":6,"5":13,"6":4,"7":5,"8":4,"9":8,"10":9,"11":15},"b":{"0":[5,5],"1":[5,5],"2":[6,6],"3":[2,11],"4":[5,6],"5":[4,4],"6":[4,4],"7":[6,2],"8":[3,6],"9":[6,6],"10":[10,5]},"_coverageSchema":"1a1c01bbd47fc00a2c39e90264f33305004495a9","hash":"efc5f3938c1e57df20aa3067459a75ec870ef4c7"}
,"D:\\open-source\\arrow-js\\src\\1.x.x\\scripts\\array\\has\\object.js": {"path":"D:\\open-source\\arrow-js\\src\\1.x.x\\scripts\\array\\has\\object.js","statementMap":{"0":{"start":{"line":6,"column":4},"end":{"line":6,"column":65}},"1":{"start":{"line":10,"column":4},"end":{"line":10,"column":74}},"2":{"start":{"line":10,"column":56},"end":{"line":10,"column":73}},"3":{"start":{"line":14,"column":4},"end":{"line":14,"column":72}},"4":{"start":{"line":14,"column":54},"end":{"line":14,"column":71}},"5":{"start":{"line":18,"column":4},"end":{"line":22,"column":17}},"6":{"start":{"line":19,"column":8},"end":{"line":19,"column":32}},"7":{"start":{"line":19,"column":23},"end":{"line":19,"column":32}},"8":{"start":{"line":20,"column":8},"end":{"line":20,"column":40}},"9":{"start":{"line":20,"column":31},"end":{"line":20,"column":40}},"10":{"start":{"line":21,"column":8},"end":{"line":21,"column":19}},"11":{"start":{"line":26,"column":4},"end":{"line":26,"column":76}},"12":{"start":{"line":26,"column":57},"end":{"line":26,"column":74}},"13":{"start":{"line":30,"column":4},"end":{"line":33,"column":17}},"14":{"start":{"line":31,"column":8},"end":{"line":31,"column":40}},"15":{"start":{"line":31,"column":31},"end":{"line":31,"column":40}},"16":{"start":{"line":32,"column":8},"end":{"line":32,"column":19}},"17":{"start":{"line":37,"column":4},"end":{"line":37,"column":98}},"18":{"start":{"line":37,"column":39},"end":{"line":37,"column":98}},"19":{"start":{"line":38,"column":4},"end":{"line":41,"column":25}},"20":{"start":{"line":39,"column":8},"end":{"line":39,"column":40}},"21":{"start":{"line":39,"column":31},"end":{"line":39,"column":40}},"22":{"start":{"line":40,"column":8},"end":{"line":40,"column":19}}},"fnMap":{"0":{"name":"isObject","decl":{"start":{"line":5,"column":9},"end":{"line":5,"column":17}},"loc":{"start":{"line":5,"column":27},"end":{"line":7,"column":1}},"line":5},"1":{"name":"hasAnyObject","decl":{"start":{"line":9,"column":16},"end":{"line":9,"column":28}},"loc":{"start":{"line":9,"column":36},"end":{"line":11,"column":1}},"line":9},"2":{"name":"(anonymous_2)","decl":{"start":{"line":10,"column":45},"end":{"line":10,"column":46}},"loc":{"start":{"line":10,"column":56},"end":{"line":10,"column":73}},"line":10},"3":{"name":"hasAtLeastObject","decl":{"start":{"line":13,"column":16},"end":{"line":13,"column":32}},"loc":{"start":{"line":13,"column":40},"end":{"line":15,"column":1}},"line":13},"4":{"name":"(anonymous_4)","decl":{"start":{"line":14,"column":43},"end":{"line":14,"column":44}},"loc":{"start":{"line":14,"column":54},"end":{"line":14,"column":71}},"line":14},"5":{"name":"hasOnceObject","decl":{"start":{"line":17,"column":16},"end":{"line":17,"column":29}},"loc":{"start":{"line":17,"column":37},"end":{"line":23,"column":1}},"line":17},"6":{"name":"(anonymous_6)","decl":{"start":{"line":18,"column":46},"end":{"line":18,"column":47}},"loc":{"start":{"line":18,"column":64},"end":{"line":22,"column":5}},"line":18},"7":{"name":"hasOnlyObject","decl":{"start":{"line":25,"column":16},"end":{"line":25,"column":29}},"loc":{"start":{"line":25,"column":37},"end":{"line":27,"column":1}},"line":25},"8":{"name":"(anonymous_8)","decl":{"start":{"line":26,"column":44},"end":{"line":26,"column":45}},"loc":{"start":{"line":26,"column":57},"end":{"line":26,"column":74}},"line":26},"9":{"name":"hasPairObject","decl":{"start":{"line":29,"column":16},"end":{"line":29,"column":29}},"loc":{"start":{"line":29,"column":37},"end":{"line":34,"column":1}},"line":29},"10":{"name":"(anonymous_10)","decl":{"start":{"line":30,"column":46},"end":{"line":30,"column":47}},"loc":{"start":{"line":30,"column":64},"end":{"line":33,"column":5}},"line":30},"11":{"name":"hasExactObject","decl":{"start":{"line":36,"column":16},"end":{"line":36,"column":30}},"loc":{"start":{"line":36,"column":49},"end":{"line":42,"column":1}},"line":36},"12":{"name":"(anonymous_12)","decl":{"start":{"line":38,"column":46},"end":{"line":38,"column":47}},"loc":{"start":{"line":38,"column":64},"end":{"line":41,"column":5}},"line":38}},"branchMap":{"0":{"loc":{"start":{"line":6,"column":11},"end":{"line":6,"column":65}},"type":"binary-expr","locations":[{"start":{"line":6,"column":11},"end":{"line":6,"column":38}},{"start":{"line":6,"column":42},"end":{"line":6,"column":65}}],"line":6},"1":{"loc":{"start":{"line":10,"column":11},"end":{"line":10,"column":74}},"type":"binary-expr","locations":[{"start":{"line":10,"column":11},"end":{"line":10,"column":28}},{"start":{"line":10,"column":32},"end":{"line":10,"column":74}}],"line":10},"2":{"loc":{"start":{"line":14,"column":11},"end":{"line":14,"column":72}},"type":"binary-expr","locations":[{"start":{"line":14,"column":11},"end":{"line":14,"column":28}},{"start":{"line":14,"column":32},"end":{"line":14,"column":72}}],"line":14},"3":{"loc":{"start":{"line":18,"column":11},"end":{"line":22,"column":16}},"type":"binary-expr","locations":[{"start":{"line":18,"column":11},"end":{"line":18,"column":28}},{"start":{"line":18,"column":33},"end":{"line":22,"column":15}}],"line":18},"4":{"loc":{"start":{"line":19,"column":8},"end":{"line":19,"column":32}},"type":"if","locations":[{"start":{"line":19,"column":8},"end":{"line":19,"column":32}},{"start":{"line":19,"column":8},"end":{"line":19,"column":32}}],"line":19},"5":{"loc":{"start":{"line":20,"column":8},"end":{"line":20,"column":40}},"type":"if","locations":[{"start":{"line":20,"column":8},"end":{"line":20,"column":40}},{"start":{"line":20,"column":8},"end":{"line":20,"column":40}}],"line":20},"6":{"loc":{"start":{"line":26,"column":11},"end":{"line":26,"column":75}},"type":"binary-expr","locations":[{"start":{"line":26,"column":11},"end":{"line":26,"column":28}},{"start":{"line":26,"column":32},"end":{"line":26,"column":75}}],"line":26},"7":{"loc":{"start":{"line":30,"column":11},"end":{"line":33,"column":16}},"type":"binary-expr","locations":[{"start":{"line":30,"column":11},"end":{"line":30,"column":28}},{"start":{"line":30,"column":33},"end":{"line":33,"column":15}}],"line":30},"8":{"loc":{"start":{"line":31,"column":8},"end":{"line":31,"column":40}},"type":"if","locations":[{"start":{"line":31,"column":8},"end":{"line":31,"column":40}},{"start":{"line":31,"column":8},"end":{"line":31,"column":40}}],"line":31},"9":{"loc":{"start":{"line":37,"column":4},"end":{"line":37,"column":98}},"type":"if","locations":[{"start":{"line":37,"column":4},"end":{"line":37,"column":98}},{"start":{"line":37,"column":4},"end":{"line":37,"column":98}}],"line":37},"10":{"loc":{"start":{"line":38,"column":11},"end":{"line":41,"column":24}},"type":"binary-expr","locations":[{"start":{"line":38,"column":11},"end":{"line":38,"column":28}},{"start":{"line":38,"column":33},"end":{"line":41,"column":23}}],"line":38},"11":{"loc":{"start":{"line":39,"column":8},"end":{"line":39,"column":40}},"type":"if","locations":[{"start":{"line":39,"column":8},"end":{"line":39,"column":40}},{"start":{"line":39,"column":8},"end":{"line":39,"column":40}}],"line":39}},"s":{"0":57,"1":7,"2":8,"3":5,"4":8,"5":7,"6":13,"7":0,"8":13,"9":5,"10":13,"11":5,"12":8,"13":4,"14":8,"15":6,"16":8,"17":8,"18":3,"19":5,"20":12,"21":8,"22":12},"f":{"0":57,"1":7,"2":8,"3":5,"4":8,"5":7,"6":13,"7":5,"8":8,"9":4,"10":8,"11":8,"12":12},"b":{"0":[57,30],"1":[7,7],"2":[5,5],"3":[7,7],"4":[0,13],"5":[5,8],"6":[5,5],"7":[4,4],"8":[6,2],"9":[3,5],"10":[5,5],"11":[8,4]},"_coverageSchema":"1a1c01bbd47fc00a2c39e90264f33305004495a9","hash":"4aee2ffaa6f7249208f27fb8dd9646168c711fc5"}
,"D:\\open-source\\arrow-js\\src\\1.x.x\\scripts\\array\\has\\string.js": {"path":"D:\\open-source\\arrow-js\\src\\1.x.x\\scripts\\array\\has\\string.js","statementMap":{"0":{"start":{"line":6,"column":4},"end":{"line":6,"column":38}},"1":{"start":{"line":10,"column":4},"end":{"line":10,"column":77}},"2":{"start":{"line":10,"column":58},"end":{"line":10,"column":75}},"3":{"start":{"line":14,"column":4},"end":{"line":14,"column":75}},"4":{"start":{"line":14,"column":56},"end":{"line":14,"column":73}},"5":{"start":{"line":18,"column":4},"end":{"line":22,"column":17}},"6":{"start":{"line":19,"column":8},"end":{"line":19,"column":32}},"7":{"start":{"line":19,"column":23},"end":{"line":19,"column":32}},"8":{"start":{"line":20,"column":8},"end":{"line":20,"column":40}},"9":{"start":{"line":20,"column":31},"end":{"line":20,"column":40}},"10":{"start":{"line":21,"column":8},"end":{"line":21,"column":19}},"11":{"start":{"line":26,"column":4},"end":{"line":26,"column":76}},"12":{"start":{"line":26,"column":57},"end":{"line":26,"column":74}},"13":{"start":{"line":30,"column":4},"end":{"line":33,"column":17}},"14":{"start":{"line":31,"column":8},"end":{"line":31,"column":40}},"15":{"start":{"line":31,"column":31},"end":{"line":31,"column":40}},"16":{"start":{"line":32,"column":8},"end":{"line":32,"column":19}},"17":{"start":{"line":37,"column":4},"end":{"line":37,"column":98}},"18":{"start":{"line":37,"column":39},"end":{"line":37,"column":98}},"19":{"start":{"line":38,"column":4},"end":{"line":41,"column":25}},"20":{"start":{"line":39,"column":8},"end":{"line":39,"column":40}},"21":{"start":{"line":39,"column":31},"end":{"line":39,"column":40}},"22":{"start":{"line":40,"column":8},"end":{"line":40,"column":19}}},"fnMap":{"0":{"name":"isString","decl":{"start":{"line":5,"column":9},"end":{"line":5,"column":17}},"loc":{"start":{"line":5,"column":27},"end":{"line":7,"column":1}},"line":5},"1":{"name":"hasAnyString","decl":{"start":{"line":9,"column":16},"end":{"line":9,"column":28}},"loc":{"start":{"line":9,"column":36},"end":{"line":11,"column":1}},"line":9},"2":{"name":"(anonymous_2)","decl":{"start":{"line":10,"column":45},"end":{"line":10,"column":46}},"loc":{"start":{"line":10,"column":58},"end":{"line":10,"column":75}},"line":10},"3":{"name":"hasAtLeastString","decl":{"start":{"line":13,"column":16},"end":{"line":13,"column":32}},"loc":{"start":{"line":13,"column":40},"end":{"line":15,"column":1}},"line":13},"4":{"name":"(anonymous_4)","decl":{"start":{"line":14,"column":43},"end":{"line":14,"column":44}},"loc":{"start":{"line":14,"column":56},"end":{"line":14,"column":73}},"line":14},"5":{"name":"hasOnceString","decl":{"start":{"line":17,"column":16},"end":{"line":17,"column":29}},"loc":{"start":{"line":17,"column":37},"end":{"line":23,"column":1}},"line":17},"6":{"name":"(anonymous_6)","decl":{"start":{"line":18,"column":46},"end":{"line":18,"column":47}},"loc":{"start":{"line":18,"column":64},"end":{"line":22,"column":5}},"line":18},"7":{"name":"hasOnlyString","decl":{"start":{"line":25,"column":16},"end":{"line":25,"column":29}},"loc":{"start":{"line":25,"column":37},"end":{"line":27,"column":1}},"line":25},"8":{"name":"(anonymous_8)","decl":{"start":{"line":26,"column":44},"end":{"line":26,"column":45}},"loc":{"start":{"line":26,"column":57},"end":{"line":26,"column":74}},"line":26},"9":{"name":"hasPairString","decl":{"start":{"line":29,"column":16},"end":{"line":29,"column":29}},"loc":{"start":{"line":29,"column":37},"end":{"line":34,"column":1}},"line":29},"10":{"name":"(anonymous_10)","decl":{"start":{"line":30,"column":46},"end":{"line":30,"column":47}},"loc":{"start":{"line":30,"column":64},"end":{"line":33,"column":5}},"line":30},"11":{"name":"hasExactString","decl":{"start":{"line":36,"column":16},"end":{"line":36,"column":30}},"loc":{"start":{"line":36,"column":49},"end":{"line":42,"column":1}},"line":36},"12":{"name":"(anonymous_12)","decl":{"start":{"line":38,"column":46},"end":{"line":38,"column":47}},"loc":{"start":{"line":38,"column":64},"end":{"line":41,"column":5}},"line":38}},"branchMap":{"0":{"loc":{"start":{"line":10,"column":11},"end":{"line":10,"column":76}},"type":"binary-expr","locations":[{"start":{"line":10,"column":11},"end":{"line":10,"column":28}},{"start":{"line":10,"column":32},"end":{"line":10,"column":76}}],"line":10},"1":{"loc":{"start":{"line":14,"column":11},"end":{"line":14,"column":74}},"type":"binary-expr","locations":[{"start":{"line":14,"column":11},"end":{"line":14,"column":28}},{"start":{"line":14,"column":32},"end":{"line":14,"column":74}}],"line":14},"2":{"loc":{"start":{"line":18,"column":11},"end":{"line":22,"column":16}},"type":"binary-expr","locations":[{"start":{"line":18,"column":11},"end":{"line":18,"column":28}},{"start":{"line":18,"column":33},"end":{"line":22,"column":15}}],"line":18},"3":{"loc":{"start":{"line":19,"column":8},"end":{"line":19,"column":32}},"type":"if","locations":[{"start":{"line":19,"column":8},"end":{"line":19,"column":32}},{"start":{"line":19,"column":8},"end":{"line":19,"column":32}}],"line":19},"4":{"loc":{"start":{"line":20,"column":8},"end":{"line":20,"column":40}},"type":"if","locations":[{"start":{"line":20,"column":8},"end":{"line":20,"column":40}},{"start":{"line":20,"column":8},"end":{"line":20,"column":40}}],"line":20},"5":{"loc":{"start":{"line":26,"column":11},"end":{"line":26,"column":75}},"type":"binary-expr","locations":[{"start":{"line":26,"column":11},"end":{"line":26,"column":28}},{"start":{"line":26,"column":32},"end":{"line":26,"column":75}}],"line":26},"6":{"loc":{"start":{"line":30,"column":11},"end":{"line":33,"column":16}},"type":"binary-expr","locations":[{"start":{"line":30,"column":11},"end":{"line":30,"column":28}},{"start":{"line":30,"column":33},"end":{"line":33,"column":15}}],"line":30},"7":{"loc":{"start":{"line":31,"column":8},"end":{"line":31,"column":40}},"type":"if","locations":[{"start":{"line":31,"column":8},"end":{"line":31,"column":40}},{"start":{"line":31,"column":8},"end":{"line":31,"column":40}}],"line":31},"8":{"loc":{"start":{"line":37,"column":4},"end":{"line":37,"column":98}},"type":"if","locations":[{"start":{"line":37,"column":4},"end":{"line":37,"column":98}},{"start":{"line":37,"column":4},"end":{"line":37,"column":98}}],"line":37},"9":{"loc":{"start":{"line":38,"column":11},"end":{"line":41,"column":24}},"type":"binary-expr","locations":[{"start":{"line":38,"column":11},"end":{"line":38,"column":28}},{"start":{"line":38,"column":33},"end":{"line":41,"column":23}}],"line":38},"10":{"loc":{"start":{"line":39,"column":8},"end":{"line":39,"column":40}},"type":"if","locations":[{"start":{"line":39,"column":8},"end":{"line":39,"column":40}},{"start":{"line":39,"column":8},"end":{"line":39,"column":40}}],"line":39}},"s":{"0":55,"1":5,"2":6,"3":5,"4":8,"5":6,"6":13,"7":1,"8":12,"9":4,"10":12,"11":4,"12":5,"13":4,"14":9,"15":6,"16":9,"17":9,"18":3,"19":6,"20":15,"21":10,"22":15},"f":{"0":55,"1":5,"2":6,"3":5,"4":8,"5":6,"6":13,"7":4,"8":5,"9":4,"10":9,"11":9,"12":15},"b":{"0":[5,5],"1":[5,5],"2":[6,6],"3":[1,12],"4":[4,8],"5":[4,4],"6":[4,4],"7":[6,3],"8":[3,6],"9":[6,6],"10":[10,5]},"_coverageSchema":"1a1c01bbd47fc00a2c39e90264f33305004495a9","hash":"68af772c7b40b8364748764a6c228cdd5efebc4d"}
,"D:\\open-source\\arrow-js\\src\\1.x.x\\scripts\\array\\has\\symbol.js": {"path":"D:\\open-source\\arrow-js\\src\\1.x.x\\scripts\\array\\has\\symbol.js","statementMap":{"0":{"start":{"line":6,"column":4},"end":{"line":6,"column":38}},"1":{"start":{"line":10,"column":4},"end":{"line":10,"column":77}},"2":{"start":{"line":10,"column":58},"end":{"line":10,"column":75}},"3":{"start":{"line":14,"column":4},"end":{"line":14,"column":75}},"4":{"start":{"line":14,"column":56},"end":{"line":14,"column":73}},"5":{"start":{"line":18,"column":4},"end":{"line":22,"column":17}},"6":{"start":{"line":19,"column":8},"end":{"line":19,"column":32}},"7":{"start":{"line":19,"column":23},"end":{"line":19,"column":32}},"8":{"start":{"line":20,"column":8},"end":{"line":20,"column":40}},"9":{"start":{"line":20,"column":31},"end":{"line":20,"column":40}},"10":{"start":{"line":21,"column":8},"end":{"line":21,"column":19}},"11":{"start":{"line":26,"column":4},"end":{"line":26,"column":76}},"12":{"start":{"line":26,"column":57},"end":{"line":26,"column":74}},"13":{"start":{"line":30,"column":4},"end":{"line":33,"column":17}},"14":{"start":{"line":31,"column":8},"end":{"line":31,"column":40}},"15":{"start":{"line":31,"column":31},"end":{"line":31,"column":40}},"16":{"start":{"line":32,"column":8},"end":{"line":32,"column":19}},"17":{"start":{"line":37,"column":4},"end":{"line":37,"column":98}},"18":{"start":{"line":37,"column":39},"end":{"line":37,"column":98}},"19":{"start":{"line":38,"column":4},"end":{"line":41,"column":25}},"20":{"start":{"line":39,"column":8},"end":{"line":39,"column":40}},"21":{"start":{"line":39,"column":31},"end":{"line":39,"column":40}},"22":{"start":{"line":40,"column":8},"end":{"line":40,"column":19}}},"fnMap":{"0":{"name":"isSymbol","decl":{"start":{"line":5,"column":9},"end":{"line":5,"column":17}},"loc":{"start":{"line":5,"column":27},"end":{"line":7,"column":1}},"line":5},"1":{"name":"hasAnySymbol","decl":{"start":{"line":9,"column":16},"end":{"line":9,"column":28}},"loc":{"start":{"line":9,"column":36},"end":{"line":11,"column":1}},"line":9},"2":{"name":"(anonymous_2)","decl":{"start":{"line":10,"column":45},"end":{"line":10,"column":46}},"loc":{"start":{"line":10,"column":58},"end":{"line":10,"column":75}},"line":10},"3":{"name":"hasAtLeastSymbol","decl":{"start":{"line":13,"column":16},"end":{"line":13,"column":32}},"loc":{"start":{"line":13,"column":40},"end":{"line":15,"column":1}},"line":13},"4":{"name":"(anonymous_4)","decl":{"start":{"line":14,"column":43},"end":{"line":14,"column":44}},"loc":{"start":{"line":14,"column":56},"end":{"line":14,"column":73}},"line":14},"5":{"name":"hasOnceSymbol","decl":{"start":{"line":17,"column":16},"end":{"line":17,"column":29}},"loc":{"start":{"line":17,"column":37},"end":{"line":23,"column":1}},"line":17},"6":{"name":"(anonymous_6)","decl":{"start":{"line":18,"column":46},"end":{"line":18,"column":47}},"loc":{"start":{"line":18,"column":64},"end":{"line":22,"column":5}},"line":18},"7":{"name":"hasOnlySymbol","decl":{"start":{"line":25,"column":16},"end":{"line":25,"column":29}},"loc":{"start":{"line":25,"column":37},"end":{"line":27,"column":1}},"line":25},"8":{"name":"(anonymous_8)","decl":{"start":{"line":26,"column":44},"end":{"line":26,"column":45}},"loc":{"start":{"line":26,"column":57},"end":{"line":26,"column":74}},"line":26},"9":{"name":"hasPairSymbol","decl":{"start":{"line":29,"column":16},"end":{"line":29,"column":29}},"loc":{"start":{"line":29,"column":37},"end":{"line":34,"column":1}},"line":29},"10":{"name":"(anonymous_10)","decl":{"start":{"line":30,"column":46},"end":{"line":30,"column":47}},"loc":{"start":{"line":30,"column":64},"end":{"line":33,"column":5}},"line":30},"11":{"name":"hasExactSymbol","decl":{"start":{"line":36,"column":16},"end":{"line":36,"column":30}},"loc":{"start":{"line":36,"column":49},"end":{"line":42,"column":1}},"line":36},"12":{"name":"(anonymous_12)","decl":{"start":{"line":38,"column":46},"end":{"line":38,"column":47}},"loc":{"start":{"line":38,"column":64},"end":{"line":41,"column":5}},"line":38}},"branchMap":{"0":{"loc":{"start":{"line":10,"column":11},"end":{"line":10,"column":76}},"type":"binary-expr","locations":[{"start":{"line":10,"column":11},"end":{"line":10,"column":28}},{"start":{"line":10,"column":32},"end":{"line":10,"column":76}}],"line":10},"1":{"loc":{"start":{"line":14,"column":11},"end":{"line":14,"column":74}},"type":"binary-expr","locations":[{"start":{"line":14,"column":11},"end":{"line":14,"column":28}},{"start":{"line":14,"column":32},"end":{"line":14,"column":74}}],"line":14},"2":{"loc":{"start":{"line":18,"column":11},"end":{"line":22,"column":16}},"type":"binary-expr","locations":[{"start":{"line":18,"column":11},"end":{"line":18,"column":28}},{"start":{"line":18,"column":33},"end":{"line":22,"column":15}}],"line":18},"3":{"loc":{"start":{"line":19,"column":8},"end":{"line":19,"column":32}},"type":"if","locations":[{"start":{"line":19,"column":8},"end":{"line":19,"column":32}},{"start":{"line":19,"column":8},"end":{"line":19,"column":32}}],"line":19},"4":{"loc":{"start":{"line":20,"column":8},"end":{"line":20,"column":40}},"type":"if","locations":[{"start":{"line":20,"column":8},"end":{"line":20,"column":40}},{"start":{"line":20,"column":8},"end":{"line":20,"column":40}}],"line":20},"5":{"loc":{"start":{"line":26,"column":11},"end":{"line":26,"column":75}},"type":"binary-expr","locations":[{"start":{"line":26,"column":11},"end":{"line":26,"column":28}},{"start":{"line":26,"column":32},"end":{"line":26,"column":75}}],"line":26},"6":{"loc":{"start":{"line":30,"column":11},"end":{"line":33,"column":16}},"type":"binary-expr","locations":[{"start":{"line":30,"column":11},"end":{"line":30,"column":28}},{"start":{"line":30,"column":33},"end":{"line":33,"column":15}}],"line":30},"7":{"loc":{"start":{"line":31,"column":8},"end":{"line":31,"column":40}},"type":"if","locations":[{"start":{"line":31,"column":8},"end":{"line":31,"column":40}},{"start":{"line":31,"column":8},"end":{"line":31,"column":40}}],"line":31},"8":{"loc":{"start":{"line":37,"column":4},"end":{"line":37,"column":98}},"type":"if","locations":[{"start":{"line":37,"column":4},"end":{"line":37,"column":98}},{"start":{"line":37,"column":4},"end":{"line":37,"column":98}}],"line":37},"9":{"loc":{"start":{"line":38,"column":11},"end":{"line":41,"column":24}},"type":"binary-expr","locations":[{"start":{"line":38,"column":11},"end":{"line":38,"column":28}},{"start":{"line":38,"column":33},"end":{"line":41,"column":23}}],"line":38},"10":{"loc":{"start":{"line":39,"column":8},"end":{"line":39,"column":40}},"type":"if","locations":[{"start":{"line":39,"column":8},"end":{"line":39,"column":40}},{"start":{"line":39,"column":8},"end":{"line":39,"column":40}}],"line":39}},"s":{"0":58,"1":5,"2":6,"3":5,"4":10,"5":7,"6":13,"7":0,"8":13,"9":5,"10":13,"11":4,"12":6,"13":4,"14":8,"15":6,"16":8,"17":9,"18":3,"19":6,"20":15,"21":10,"22":15},"f":{"0":58,"1":5,"2":6,"3":5,"4":10,"5":7,"6":13,"7":4,"8":6,"9":4,"10":8,"11":9,"12":15},"b":{"0":[5,5],"1":[5,5],"2":[7,7],"3":[0,13],"4":[5,8],"5":[4,4],"6":[4,4],"7":[6,2],"8":[3,6],"9":[6,6],"10":[10,5]},"_coverageSchema":"1a1c01bbd47fc00a2c39e90264f33305004495a9","hash":"27ace11ceec929872ada3ca7fdac22fc699fb48e"}
,"D:\\open-source\\arrow-js\\src\\1.x.x\\scripts\\array\\has\\unique.js": {"path":"D:\\open-source\\arrow-js\\src\\1.x.x\\scripts\\array\\has\\unique.js","statementMap":{"0":{"start":{"line":6,"column":4},"end":{"line":6,"column":70}}},"fnMap":{"0":{"name":"uniqueAll","decl":{"start":{"line":5,"column":16},"end":{"line":5,"column":25}},"loc":{"start":{"line":5,"column":33},"end":{"line":7,"column":1}},"line":5}},"branchMap":{"0":{"loc":{"start":{"line":6,"column":11},"end":{"line":6,"column":70}},"type":"binary-expr","locations":[{"start":{"line":6,"column":11},"end":{"line":6,"column":28}},{"start":{"line":6,"column":33},"end":{"line":6,"column":69}}],"line":6}},"s":{"0":10},"f":{"0":10},"b":{"0":[10,10]},"_coverageSchema":"1a1c01bbd47fc00a2c39e90264f33305004495a9","hash":"0d79d2da91c44432bda09f17e5df2eae534a689e"}
,"D:\\open-source\\arrow-js\\src\\1.x.x\\scripts\\array\\math\\abs.js": {"path":"D:\\open-source\\arrow-js\\src\\1.x.x\\scripts\\array\\math\\abs.js","statementMap":{"0":{"start":{"line":6,"column":4},"end":{"line":12,"column":5}},"1":{"start":{"line":7,"column":8},"end":{"line":11,"column":9}},"2":{"start":{"line":8,"column":12},"end":{"line":8,"column":173}},"3":{"start":{"line":8,"column":40},"end":{"line":8,"column":172}},"4":{"start":{"line":10,"column":12},"end":{"line":10,"column":86}},"5":{"start":{"line":16,"column":4},"end":{"line":18,"column":5}},"6":{"start":{"line":17,"column":8},"end":{"line":17,"column":98}},"7":{"start":{"line":17,"column":36},"end":{"line":17,"column":97}}},"fnMap":{"0":{"name":"absRange","decl":{"start":{"line":5,"column":16},"end":{"line":5,"column":24}},"loc":{"start":{"line":5,"column":42},"end":{"line":13,"column":1}},"line":5},"1":{"name":"(anonymous_1)","decl":{"start":{"line":8,"column":29},"end":{"line":8,"column":30}},"loc":{"start":{"line":8,"column":40},"end":{"line":8,"column":172}},"line":8},"2":{"name":"abs","decl":{"start":{"line":15,"column":16},"end":{"line":15,"column":19}},"loc":{"start":{"line":15,"column":27},"end":{"line":19,"column":1}},"line":15},"3":{"name":"(anonymous_3)","decl":{"start":{"line":17,"column":25},"end":{"line":17,"column":26}},"loc":{"start":{"line":17,"column":36},"end":{"line":17,"column":97}},"line":17}},"branchMap":{"0":{"loc":{"start":{"line":6,"column":4},"end":{"line":12,"column":5}},"type":"if","locations":[{"start":{"line":6,"column":4},"end":{"line":12,"column":5}},{"start":{"line":6,"column":4},"end":{"line":12,"column":5}}],"line":6},"1":{"loc":{"start":{"line":7,"column":8},"end":{"line":11,"column":9}},"type":"if","locations":[{"start":{"line":7,"column":8},"end":{"line":11,"column":9}},{"start":{"line":7,"column":8},"end":{"line":11,"column":9}}],"line":7},"2":{"loc":{"start":{"line":8,"column":40},"end":{"line":8,"column":172}},"type":"binary-expr","locations":[{"start":{"line":8,"column":42},"end":{"line":8,"column":72}},{"start":{"line":8,"column":76},"end":{"line":8,"column":107}},{"start":{"line":8,"column":112},"end":{"line":8,"column":139}},{"start":{"line":8,"column":143},"end":{"line":8,"column":160}},{"start":{"line":8,"column":165},"end":{"line":8,"column":172}}],"line":8},"3":{"loc":{"start":{"line":16,"column":4},"end":{"line":18,"column":5}},"type":"if","locations":[{"start":{"line":16,"column":4},"end":{"line":18,"column":5}},{"start":{"line":16,"column":4},"end":{"line":18,"column":5}}],"line":16},"4":{"loc":{"start":{"line":17,"column":36},"end":{"line":17,"column":97}},"type":"binary-expr","locations":[{"start":{"line":17,"column":37},"end":{"line":17,"column":64}},{"start":{"line":17,"column":68},"end":{"line":17,"column":85}},{"start":{"line":17,"column":90},"end":{"line":17,"column":97}}],"line":17}},"s":{"0":5,"1":5,"2":4,"3":14,"4":1,"5":4,"6":4,"7":14},"f":{"0":5,"1":14,"2":4,"3":14},"b":{"0":[5,0],"1":[4,1],"2":[14,14,8,6,8],"3":[4,0],"4":[14,9,5]},"_coverageSchema":"1a1c01bbd47fc00a2c39e90264f33305004495a9","hash":"fa95769f453874aa1b878e228ab3a61b3a39bbbc"}
,"D:\\open-source\\arrow-js\\src\\1.x.x\\scripts\\array\\math\\acc.js": {"path":"D:\\open-source\\arrow-js\\src\\1.x.x\\scripts\\array\\math\\acc.js","statementMap":{"0":{"start":{"line":10,"column":4},"end":{"line":12,"column":5}},"1":{"start":{"line":11,"column":8},"end":{"line":11,"column":97}},"2":{"start":{"line":11,"column":72},"end":{"line":11,"column":88}},"3":{"start":{"line":16,"column":4},"end":{"line":18,"column":5}},"4":{"start":{"line":17,"column":8},"end":{"line":17,"column":64}},"5":{"start":{"line":17,"column":48},"end":{"line":17,"column":63}}},"fnMap":{"0":{"name":"accBoolean","decl":{"start":{"line":9,"column":16},"end":{"line":9,"column":26}},"loc":{"start":{"line":9,"column":34},"end":{"line":13,"column":1}},"line":9},"1":{"name":"(anonymous_1)","decl":{"start":{"line":11,"column":52},"end":{"line":11,"column":53}},"loc":{"start":{"line":11,"column":72},"end":{"line":11,"column":88}},"line":11},"2":{"name":"accAll","decl":{"start":{"line":15,"column":16},"end":{"line":15,"column":22}},"loc":{"start":{"line":15,"column":30},"end":{"line":19,"column":1}},"line":15},"3":{"name":"(anonymous_3)","decl":{"start":{"line":17,"column":28},"end":{"line":17,"column":29}},"loc":{"start":{"line":17,"column":48},"end":{"line":17,"column":63}},"line":17}},"branchMap":{"0":{"loc":{"start":{"line":10,"column":4},"end":{"line":12,"column":5}},"type":"if","locations":[{"start":{"line":10,"column":4},"end":{"line":12,"column":5}},{"start":{"line":10,"column":4},"end":{"line":12,"column":5}}],"line":10},"1":{"loc":{"start":{"line":11,"column":15},"end":{"line":11,"column":97}},"type":"cond-expr","locations":[{"start":{"line":11,"column":39},"end":{"line":11,"column":89}},{"start":{"line":11,"column":92},"end":{"line":11,"column":97}}],"line":11},"2":{"loc":{"start":{"line":11,"column":72},"end":{"line":11,"column":88}},"type":"binary-expr","locations":[{"start":{"line":11,"column":72},"end":{"line":11,"column":80}},{"start":{"line":11,"column":84},"end":{"line":11,"column":88}}],"line":11},"3":{"loc":{"start":{"line":16,"column":4},"end":{"line":18,"column":5}},"type":"if","locations":[{"start":{"line":16,"column":4},"end":{"line":18,"column":5}},{"start":{"line":16,"column":4},"end":{"line":18,"column":5}}],"line":16}},"s":{"0":3,"1":3,"2":6,"3":4,"4":4,"5":8},"f":{"0":3,"1":6,"2":4,"3":8},"b":{"0":[3,0],"1":[3,0],"2":[6,2],"3":[4,0]},"_coverageSchema":"1a1c01bbd47fc00a2c39e90264f33305004495a9","hash":"8ce71346863fc52c7a294b2598f542159cb5c6ce"}
,"D:\\open-source\\arrow-js\\src\\1.x.x\\scripts\\array\\math\\cos.js": {"path":"D:\\open-source\\arrow-js\\src\\1.x.x\\scripts\\array\\math\\cos.js","statementMap":{"0":{"start":{"line":6,"column":4},"end":{"line":12,"column":5}},"1":{"start":{"line":7,"column":8},"end":{"line":11,"column":9}},"2":{"start":{"line":8,"column":12},"end":{"line":8,"column":173}},"3":{"start":{"line":8,"column":40},"end":{"line":8,"column":172}},"4":{"start":{"line":10,"column":12},"end":{"line":10,"column":86}},"5":{"start":{"line":16,"column":4},"end":{"line":18,"column":5}},"6":{"start":{"line":17,"column":8},"end":{"line":17,"column":98}},"7":{"start":{"line":17,"column":36},"end":{"line":17,"column":97}}},"fnMap":{"0":{"name":"cos","decl":{"start":{"line":5,"column":16},"end":{"line":5,"column":19}},"loc":{"start":{"line":5,"column":37},"end":{"line":13,"column":1}},"line":5},"1":{"name":"(anonymous_1)","decl":{"start":{"line":8,"column":29},"end":{"line":8,"column":30}},"loc":{"start":{"line":8,"column":40},"end":{"line":8,"column":172}},"line":8},"2":{"name":"cosAll","decl":{"start":{"line":15,"column":16},"end":{"line":15,"column":22}},"loc":{"start":{"line":15,"column":30},"end":{"line":19,"column":1}},"line":15},"3":{"name":"(anonymous_3)","decl":{"start":{"line":17,"column":25},"end":{"line":17,"column":26}},"loc":{"start":{"line":17,"column":36},"end":{"line":17,"column":97}},"line":17}},"branchMap":{"0":{"loc":{"start":{"line":6,"column":4},"end":{"line":12,"column":5}},"type":"if","locations":[{"start":{"line":6,"column":4},"end":{"line":12,"column":5}},{"start":{"line":6,"column":4},"end":{"line":12,"column":5}}],"line":6},"1":{"loc":{"start":{"line":7,"column":8},"end":{"line":11,"column":9}},"type":"if","locations":[{"start":{"line":7,"column":8},"end":{"line":11,"column":9}},{"start":{"line":7,"column":8},"end":{"line":11,"column":9}}],"line":7},"2":{"loc":{"start":{"line":8,"column":40},"end":{"line":8,"column":172}},"type":"binary-expr","locations":[{"start":{"line":8,"column":42},"end":{"line":8,"column":72}},{"start":{"line":8,"column":76},"end":{"line":8,"column":107}},{"start":{"line":8,"column":112},"end":{"line":8,"column":139}},{"start":{"line":8,"column":143},"end":{"line":8,"column":160}},{"start":{"line":8,"column":165},"end":{"line":8,"column":172}}],"line":8},"3":{"loc":{"start":{"line":16,"column":4},"end":{"line":18,"column":5}},"type":"if","locations":[{"start":{"line":16,"column":4},"end":{"line":18,"column":5}},{"start":{"line":16,"column":4},"end":{"line":18,"column":5}}],"line":16},"4":{"loc":{"start":{"line":17,"column":36},"end":{"line":17,"column":97}},"type":"binary-expr","locations":[{"start":{"line":17,"column":37},"end":{"line":17,"column":64}},{"start":{"line":17,"column":68},"end":{"line":17,"column":85}},{"start":{"line":17,"column":90},"end":{"line":17,"column":97}}],"line":17}},"s":{"0":3,"1":3,"2":2,"3":6,"4":1,"5":3,"6":3,"7":9},"f":{"0":3,"1":6,"2":3,"3":9},"b":{"0":[3,0],"1":[2,1],"2":[6,6,4,2,4],"3":[3,0],"4":[9,6,3]},"_coverageSchema":"1a1c01bbd47fc00a2c39e90264f33305004495a9","hash":"0cac4124c1c830ea30c6ee246d3a4f6dad9ece81"}
,"D:\\open-source\\arrow-js\\src\\1.x.x\\scripts\\array\\math\\devide.js": {"path":"D:\\open-source\\arrow-js\\src\\1.x.x\\scripts\\array\\math\\devide.js","statementMap":{"0":{"start":{"line":6,"column":4},"end":{"line":12,"column":5}},"1":{"start":{"line":7,"column":8},"end":{"line":11,"column":9}},"2":{"start":{"line":8,"column":12},"end":{"line":8,"column":173}},"3":{"start":{"line":8,"column":40},"end":{"line":8,"column":172}},"4":{"start":{"line":10,"column":12},"end":{"line":10,"column":86}},"5":{"start":{"line":16,"column":4},"end":{"line":18,"column":5}},"6":{"start":{"line":17,"column":8},"end":{"line":17,"column":64}},"7":{"start":{"line":17,"column":48},"end":{"line":17,"column":63}},"8":{"start":{"line":22,"column":4},"end":{"line":24,"column":5}},"9":{"start":{"line":23,"column":8},"end":{"line":23,"column":98}},"10":{"start":{"line":23,"column":36},"end":{"line":23,"column":97}}},"fnMap":{"0":{"name":"devide","decl":{"start":{"line":5,"column":16},"end":{"line":5,"column":22}},"loc":{"start":{"line":5,"column":49},"end":{"line":13,"column":1}},"line":5},"1":{"name":"(anonymous_1)","decl":{"start":{"line":8,"column":29},"end":{"line":8,"column":30}},"loc":{"start":{"line":8,"column":40},"end":{"line":8,"column":172}},"line":8},"2":{"name":"devideSelf","decl":{"start":{"line":15,"column":16},"end":{"line":15,"column":26}},"loc":{"start":{"line":15,"column":34},"end":{"line":19,"column":1}},"line":15},"3":{"name":"(anonymous_3)","decl":{"start":{"line":17,"column":28},"end":{"line":17,"column":29}},"loc":{"start":{"line":17,"column":48},"end":{"line":17,"column":63}},"line":17},"4":{"name":"devideAll","decl":{"start":{"line":21,"column":16},"end":{"line":21,"column":25}},"loc":{"start":{"line":21,"column":42},"end":{"line":25,"column":1}},"line":21},"5":{"name":"(anonymous_5)","decl":{"start":{"line":23,"column":25},"end":{"line":23,"column":26}},"loc":{"start":{"line":23,"column":36},"end":{"line":23,"column":97}},"line":23}},"branchMap":{"0":{"loc":{"start":{"line":6,"column":4},"end":{"line":12,"column":5}},"type":"if","locations":[{"start":{"line":6,"column":4},"end":{"line":12,"column":5}},{"start":{"line":6,"column":4},"end":{"line":12,"column":5}}],"line":6},"1":{"loc":{"start":{"line":7,"column":8},"end":{"line":11,"column":9}},"type":"if","locations":[{"start":{"line":7,"column":8},"end":{"line":11,"column":9}},{"start":{"line":7,"column":8},"end":{"line":11,"column":9}}],"line":7},"2":{"loc":{"start":{"line":8,"column":40},"end":{"line":8,"column":172}},"type":"binary-expr","locations":[{"start":{"line":8,"column":42},"end":{"line":8,"column":72}},{"start":{"line":8,"column":76},"end":{"line":8,"column":107}},{"start":{"line":8,"column":112},"end":{"line":8,"column":139}},{"start":{"line":8,"column":143},"end":{"line":8,"column":160}},{"start":{"line":8,"column":165},"end":{"line":8,"column":172}}],"line":8},"3":{"loc":{"start":{"line":16,"column":4},"end":{"line":18,"column":5}},"type":"if","locations":[{"start":{"line":16,"column":4},"end":{"line":18,"column":5}},{"start":{"line":16,"column":4},"end":{"line":18,"column":5}}],"line":16},"4":{"loc":{"start":{"line":22,"column":4},"end":{"line":24,"column":5}},"type":"if","locations":[{"start":{"line":22,"column":4},"end":{"line":24,"column":5}},{"start":{"line":22,"column":4},"end":{"line":24,"column":5}}],"line":22},"5":{"loc":{"start":{"line":23,"column":36},"end":{"line":23,"column":97}},"type":"binary-expr","locations":[{"start":{"line":23,"column":37},"end":{"line":23,"column":64}},{"start":{"line":23,"column":68},"end":{"line":23,"column":85}},{"start":{"line":23,"column":90},"end":{"line":23,"column":97}}],"line":23}},"s":{"0":7,"1":7,"2":6,"3":18,"4":1,"5":5,"6":5,"7":11,"8":6,"9":6,"10":18},"f":{"0":7,"1":18,"2":5,"3":11,"4":6,"5":18},"b":{"0":[7,0],"1":[6,1],"2":[18,18,12,10,8],"3":[5,0],"4":[6,0],"5":[18,15,3]},"_coverageSchema":"1a1c01bbd47fc00a2c39e90264f33305004495a9","hash":"fc5ca7cd15a5889f4e75306ff21615f44a818890"}
,"D:\\open-source\\arrow-js\\src\\1.x.x\\scripts\\array\\math\\max.js": {"path":"D:\\open-source\\arrow-js\\src\\1.x.x\\scripts\\array\\math\\max.js","statementMap":{"0":{"start":{"line":10,"column":4},"end":{"line":12,"column":5}},"1":{"start":{"line":11,"column":8},"end":{"line":11,"column":64}},"2":{"start":{"line":16,"column":4},"end":{"line":22,"column":5}},"3":{"start":{"line":17,"column":8},"end":{"line":21,"column":9}},"4":{"start":{"line":18,"column":12},"end":{"line":18,"column":88}},"5":{"start":{"line":20,"column":12},"end":{"line":20,"column":86}}},"fnMap":{"0":{"name":"max","decl":{"start":{"line":9,"column":16},"end":{"line":9,"column":19}},"loc":{"start":{"line":9,"column":27},"end":{"line":13,"column":1}},"line":9},"1":{"name":"maxRange","decl":{"start":{"line":15,"column":16},"end":{"line":15,"column":24}},"loc":{"start":{"line":15,"column":42},"end":{"line":23,"column":1}},"line":15}},"branchMap":{"0":{"loc":{"start":{"line":10,"column":4},"end":{"line":12,"column":5}},"type":"if","locations":[{"start":{"line":10,"column":4},"end":{"line":12,"column":5}},{"start":{"line":10,"column":4},"end":{"line":12,"column":5}}],"line":10},"1":{"loc":{"start":{"line":11,"column":15},"end":{"line":11,"column":64}},"type":"cond-expr","locations":[{"start":{"line":11,"column":38},"end":{"line":11,"column":56}},{"start":{"line":11,"column":59},"end":{"line":11,"column":64}}],"line":11},"2":{"loc":{"start":{"line":16,"column":4},"end":{"line":22,"column":5}},"type":"if","locations":[{"start":{"line":16,"column":4},"end":{"line":22,"column":5}},{"start":{"line":16,"column":4},"end":{"line":22,"column":5}}],"line":16},"3":{"loc":{"start":{"line":17,"column":8},"end":{"line":21,"column":9}},"type":"if","locations":[{"start":{"line":17,"column":8},"end":{"line":21,"column":9}},{"start":{"line":17,"column":8},"end":{"line":21,"column":9}}],"line":17},"4":{"loc":{"start":{"line":18,"column":19},"end":{"line":18,"column":88}},"type":"cond-expr","locations":[{"start":{"line":18,"column":42},"end":{"line":18,"column":80}},{"start":{"line":18,"column":83},"end":{"line":18,"column":88}}],"line":18}},"s":{"0":5,"1":5,"2":6,"3":6,"4":5,"5":1},"f":{"0":5,"1":6},"b":{"0":[5,0],"1":[4,1],"2":[6,0],"3":[5,1],"4":[4,1]},"_coverageSchema":"1a1c01bbd47fc00a2c39e90264f33305004495a9","hash":"12d641466f8618520aeb1cdda7c1813372cece9e"}
,"D:\\open-source\\arrow-js\\src\\1.x.x\\scripts\\array\\math\\min.js": {"path":"D:\\open-source\\arrow-js\\src\\1.x.x\\scripts\\array\\math\\min.js","statementMap":{"0":{"start":{"line":6,"column":4},"end":{"line":8,"column":5}},"1":{"start":{"line":7,"column":8},"end":{"line":7,"column":64}},"2":{"start":{"line":12,"column":4},"end":{"line":18,"column":5}},"3":{"start":{"line":13,"column":8},"end":{"line":17,"column":9}},"4":{"start":{"line":14,"column":12},"end":{"line":14,"column":88}},"5":{"start":{"line":16,"column":12},"end":{"line":16,"column":86}},"6":{"start":{"line":22,"column":4},"end":{"line":22,"column":62}},"7":{"start":{"line":22,"column":34},"end":{"line":22,"column":61}}},"fnMap":{"0":{"name":"min","decl":{"start":{"line":5,"column":16},"end":{"line":5,"column":19}},"loc":{"start":{"line":5,"column":27},"end":{"line":9,"column":1}},"line":5},"1":{"name":"minRange","decl":{"start":{"line":11,"column":16},"end":{"line":11,"column":24}},"loc":{"start":{"line":11,"column":42},"end":{"line":19,"column":1}},"line":11},"2":{"name":"isNumberArray","decl":{"start":{"line":21,"column":9},"end":{"line":21,"column":22}},"loc":{"start":{"line":21,"column":30},"end":{"line":23,"column":1}},"line":21},"3":{"name":"(anonymous_3)","decl":{"start":{"line":22,"column":23},"end":{"line":22,"column":24}},"loc":{"start":{"line":22,"column":34},"end":{"line":22,"column":61}},"line":22}},"branchMap":{"0":{"loc":{"start":{"line":6,"column":4},"end":{"line":8,"column":5}},"type":"if","locations":[{"start":{"line":6,"column":4},"end":{"line":8,"column":5}},{"start":{"line":6,"column":4},"end":{"line":8,"column":5}}],"line":6},"1":{"loc":{"start":{"line":7,"column":15},"end":{"line":7,"column":64}},"type":"cond-expr","locations":[{"start":{"line":7,"column":38},"end":{"line":7,"column":56}},{"start":{"line":7,"column":59},"end":{"line":7,"column":64}}],"line":7},"2":{"loc":{"start":{"line":12,"column":4},"end":{"line":18,"column":5}},"type":"if","locations":[{"start":{"line":12,"column":4},"end":{"line":18,"column":5}},{"start":{"line":12,"column":4},"end":{"line":18,"column":5}}],"line":12},"3":{"loc":{"start":{"line":13,"column":8},"end":{"line":17,"column":9}},"type":"if","locations":[{"start":{"line":13,"column":8},"end":{"line":17,"column":9}},{"start":{"line":13,"column":8},"end":{"line":17,"column":9}}],"line":13},"4":{"loc":{"start":{"line":14,"column":19},"end":{"line":14,"column":88}},"type":"cond-expr","locations":[{"start":{"line":14,"column":42},"end":{"line":14,"column":80}},{"start":{"line":14,"column":83},"end":{"line":14,"column":88}}],"line":14}},"s":{"0":5,"1":5,"2":6,"3":6,"4":5,"5":1,"6":10,"7":26},"f":{"0":5,"1":6,"2":10,"3":26},"b":{"0":[5,0],"1":[4,1],"2":[6,0],"3":[5,1],"4":[4,1]},"_coverageSchema":"1a1c01bbd47fc00a2c39e90264f33305004495a9","hash":"cc33d3490fb685579bef0bd1e43b40c6605d6855"}
}
