{"D:\\open-source\\arrow-js\\src\\1.x.x\\helpers\\check.js": {"path":"D:\\open-source\\arrow-js\\src\\1.x.x\\helpers\\check.js","statementMap":{"0":{"start":{"line":2,"column":4},"end":{"line":2,"column":101}},"1":{"start":{"line":2,"column":47},"end":{"line":2,"column":101}},"2":{"start":{"line":3,"column":4},"end":{"line":3,"column":83}},"3":{"start":{"line":3,"column":31},"end":{"line":3,"column":83}},"4":{"start":{"line":4,"column":4},"end":{"line":4,"column":66}},"5":{"start":{"line":4,"column":28},"end":{"line":4,"column":66}},"6":{"start":{"line":5,"column":4},"end":{"line":5,"column":16}}},"fnMap":{"0":{"name":"checkArray","decl":{"start":{"line":1,"column":16},"end":{"line":1,"column":26}},"loc":{"start":{"line":1,"column":34},"end":{"line":6,"column":1}},"line":1}},"branchMap":{"0":{"loc":{"start":{"line":2,"column":4},"end":{"line":2,"column":101}},"type":"if","locations":[{"start":{"line":2,"column":4},"end":{"line":2,"column":101}},{"start":{"line":2,"column":4},"end":{"line":2,"column":101}}],"line":2},"1":{"loc":{"start":{"line":2,"column":8},"end":{"line":2,"column":45}},"type":"binary-expr","locations":[{"start":{"line":2,"column":8},"end":{"line":2,"column":22}},{"start":{"line":2,"column":26},"end":{"line":2,"column":45}}],"line":2},"2":{"loc":{"start":{"line":3,"column":4},"end":{"line":3,"column":83}},"type":"if","locations":[{"start":{"line":3,"column":4},"end":{"line":3,"column":83}},{"start":{"line":3,"column":4},"end":{"line":3,"column":83}}],"line":3},"3":{"loc":{"start":{"line":4,"column":4},"end":{"line":4,"column":66}},"type":"if","locations":[{"start":{"line":4,"column":4},"end":{"line":4,"column":66}},{"start":{"line":4,"column":4},"end":{"line":4,"column":66}}],"line":4}},"s":{"0":9,"1":0,"2":9,"3":0,"4":9,"5":0,"6":9},"f":{"0":9},"b":{"0":[0,9],"1":[9,9],"2":[0,9],"3":[0,9]},"_coverageSchema":"1a1c01bbd47fc00a2c39e90264f33305004495a9","hash":"808b6440fc6a4e1360a1fed67b1c9896daed589b"}
,"D:\\open-source\\arrow-js\\src\\1.x.x\\scripts\\array\\math\\pow.js": {"path":"D:\\open-source\\arrow-js\\src\\1.x.x\\scripts\\array\\math\\pow.js","statementMap":{"0":{"start":{"line":6,"column":4},"end":{"line":12,"column":5}},"1":{"start":{"line":7,"column":8},"end":{"line":11,"column":9}},"2":{"start":{"line":8,"column":12},"end":{"line":8,"column":192}},"3":{"start":{"line":8,"column":40},"end":{"line":8,"column":191}},"4":{"start":{"line":10,"column":12},"end":{"line":10,"column":86}},"5":{"start":{"line":16,"column":4},"end":{"line":18,"column":5}},"6":{"start":{"line":17,"column":8},"end":{"line":17,"column":117}},"7":{"start":{"line":17,"column":36},"end":{"line":17,"column":116}}},"fnMap":{"0":{"name":"powRange","decl":{"start":{"line":5,"column":16},"end":{"line":5,"column":24}},"loc":{"start":{"line":5,"column":49},"end":{"line":13,"column":1}},"line":5},"1":{"name":"(anonymous_1)","decl":{"start":{"line":8,"column":29},"end":{"line":8,"column":30}},"loc":{"start":{"line":8,"column":40},"end":{"line":8,"column":191}},"line":8},"2":{"name":"pow","decl":{"start":{"line":15,"column":16},"end":{"line":15,"column":19}},"loc":{"start":{"line":15,"column":34},"end":{"line":19,"column":1}},"line":15},"3":{"name":"(anonymous_3)","decl":{"start":{"line":17,"column":25},"end":{"line":17,"column":26}},"loc":{"start":{"line":17,"column":36},"end":{"line":17,"column":116}},"line":17}},"branchMap":{"0":{"loc":{"start":{"line":6,"column":4},"end":{"line":12,"column":5}},"type":"if","locations":[{"start":{"line":6,"column":4},"end":{"line":12,"column":5}},{"start":{"line":6,"column":4},"end":{"line":12,"column":5}}],"line":6},"1":{"loc":{"start":{"line":7,"column":8},"end":{"line":11,"column":9}},"type":"if","locations":[{"start":{"line":7,"column":8},"end":{"line":11,"column":9}},{"start":{"line":7,"column":8},"end":{"line":11,"column":9}}],"line":7},"2":{"loc":{"start":{"line":8,"column":40},"end":{"line":8,"column":191}},"type":"binary-expr","locations":[{"start":{"line":8,"column":42},"end":{"line":8,"column":72}},{"start":{"line":8,"column":76},"end":{"line":8,"column":107}},{"start":{"line":8,"column":112},"end":{"line":8,"column":139}},{"start":{"line":8,"column":144},"end":{"line":8,"column":178}},{"start":{"line":8,"column":184},"end":{"line":8,"column":191}}],"line":8},"3":{"loc":{"start":{"line":16,"column":4},"end":{"line":18,"column":5}},"type":"if","locations":[{"start":{"line":16,"column":4},"end":{"line":18,"column":5}},{"start":{"line":16,"column":4},"end":{"line":18,"column":5}}],"line":16},"4":{"loc":{"start":{"line":17,"column":36},"end":{"line":17,"column":116}},"type":"binary-expr","locations":[{"start":{"line":17,"column":37},"end":{"line":17,"column":64}},{"start":{"line":17,"column":69},"end":{"line":17,"column":103}},{"start":{"line":17,"column":109},"end":{"line":17,"column":116}}],"line":17}},"s":{"0":5,"1":5,"2":4,"3":14,"4":1,"5":4,"6":4,"7":14},"f":{"0":5,"1":14,"2":4,"3":14},"b":{"0":[5,0],"1":[4,1],"2":[14,14,10,7,7],"3":[4,0],"4":[14,9,5]},"_coverageSchema":"1a1c01bbd47fc00a2c39e90264f33305004495a9","hash":"39da0c64bc4e691b471726a794462c13749a959f"}
}
