TN:
SF:src\1.x.x\helpers\check.js
FN:1,checkArray
FNF:1
FNH:1
FNDA:10,checkArray
DA:2,10
DA:3,10
DA:4,10
DA:5,10
LF:4
LH:4
BRDA:2,0,0,0
BRDA:2,0,1,10
BRDA:2,1,0,10
BRDA:2,1,1,10
BRDA:3,2,0,0
BRDA:3,2,1,10
BRDA:4,3,0,0
BRDA:4,3,1,10
BRF:8
BRH:5
end_of_record
TN:
SF:src\1.x.x\scripts\array\order.js
FN:12,orderRangeDescBy
FN:59,orderDescBy
FNF:2
FNH:2
FNDA:4,orderRangeDescBy
FNDA:6,orderDescBy
DA:16,4
DA:30,4
DA:48,4
DA:62,6
DA:76,6
DA:90,6
LF:6
LH:6
BRDA:12,0,0,3
BRDA:48,1,0,4
BRDA:48,1,1,0
BRDA:59,2,0,1
BRDA:90,3,0,6
BRDA:90,3,1,0
BRF:6
BRH:4
end_of_record
