TN:
SF:src\1.x.x\helpers\check.js
FN:1,checkArray
FNF:1
FNH:1
FNDA:15,checkArray
DA:2,15
DA:3,15
DA:4,15
DA:5,15
LF:4
LH:4
BRDA:2,0,0,0
BRDA:2,0,1,15
BRDA:2,1,0,15
BRDA:2,1,1,15
BRDA:3,2,0,0
BRDA:3,2,1,15
BRDA:4,3,0,0
BRDA:4,3,1,15
BRF:8
BRH:5
end_of_record
TN:
SF:src\1.x.x\helpers\is.js
FN:1,isNumberArray
FN:2,(anonymous_1)
FN:5,isBooleanArray
FN:6,(anonymous_3)
FNF:4
FNH:2
FNDA:4,isNumberArray
FNDA:13,(anonymous_1)
FNDA:0,isBooleanArray
FNDA:0,(anonymous_3)
DA:2,13
DA:6,0
LF:2
LH:1
BRF:0
BRH:0
end_of_record
TN:
SF:src\1.x.x\scripts\array\math\multiply.js
FN:9,multiplyRange
FN:12,(anonymous_1)
FN:18,multiplySelf
FN:20,(anonymous_3)
FN:24,multiply
FN:26,(anonymous_5)
FNF:6
FNH:6
FNDA:6,multiplyRange
FNDA:15,(anonymous_1)
FNDA:4,multiplySelf
FNDA:9,(anonymous_3)
FNDA:5,multiply
FNDA:15,(anonymous_5)
DA:10,6
DA:11,6
DA:12,15
DA:14,1
DA:19,4
DA:20,9
DA:25,5
DA:26,15
LF:8
LH:8
BRDA:10,0,0,6
BRDA:10,0,1,0
BRDA:11,1,0,5
BRDA:11,1,1,1
BRDA:12,2,0,15
BRDA:12,2,1,15
BRDA:12,2,2,10
BRDA:12,2,3,8
BRDA:12,2,4,9
BRDA:19,3,0,4
BRDA:19,3,1,0
BRDA:20,4,0,4
BRDA:20,4,1,0
BRDA:25,5,0,5
BRDA:25,5,1,0
BRDA:26,6,0,15
BRDA:26,6,1,12
BRDA:26,6,2,6
BRF:18
BRH:14
end_of_record
